Using pre-set license
Built from '2020.3/staging' branch; Version is '2020.3.29f1 (2ff179115da0) revision 3142009'; Using compiler version '192528614'; Build Type 'Release'
OS: 'Windows 10  (10.0.19045) 64bit Core' Language: 'tr' Physical Memory: 16240 MB
BatchMode: 1, IsHumanControllingUs: 0, StartBugReporterOnCrash: 0, Is64bit: 1, IsPro: 0

COMMAND LINE ARGUMENTS:
D:\UnityEditors\2020.3.29f1\Editor\Unity.exe
-adb2
-batchMode
-noUpm
-name
AssetImportWorker0
-projectPath
D:/UnityProjects/ShuffleMasterPrototype
-logFile
Logs/AssetImportWorker0.log
-srvPort
14252
Successfully changed project path to: D:/UnityProjects/ShuffleMasterPrototype
D:/UnityProjects/ShuffleMasterPrototype
Using Asset Import Pipeline V2.
Refreshing native plugins compatible for Editor in 53.71 ms, found 2 plugins.
Preloading 0 native plugins for Editor in 0.00 ms.
Initialize engine version: 2020.3.29f1 (2ff179115da0)
[Subsystems] Discovering subsystems at path D:/UnityEditors/2020.3.29f1/Editor/Data/Resources/UnitySubsystems
[Subsystems] Discovering subsystems at path D:/UnityProjects/ShuffleMasterPrototype/Assets
GfxDevice: creating device client; threaded=0
Direct3D:
    Version:  Direct3D 11.0 [level 11.1]
    Renderer: NVIDIA GeForce GTX 1660 Ti (ID=0x2191)
    Vendor:   
    VRAM:     5979 MB
    Driver:   31.0.15.2802
Initialize mono
Mono path[0] = 'D:/UnityEditors/2020.3.29f1/Editor/Data/Managed'
Mono path[1] = 'D:/UnityEditors/2020.3.29f1/Editor/Data/MonoBleedingEdge/lib/mono/unityjit'
Mono config path = 'D:/UnityEditors/2020.3.29f1/Editor/Data/MonoBleedingEdge/etc'
Using monoOptions --debugger-agent=transport=dt_socket,embedding=1,server=y,suspend=n,address=127.0.0.1:56144
Begin MonoManager ReloadAssembly
Registering precompiled unity dll's ...
Register platform support module: D:/UnityEditors/2020.3.29f1/Editor/Data/PlaybackEngines/WebGLSupport/UnityEditor.WebGL.Extensions.dll
Register platform support module: D:/UnityEditors/2020.3.29f1/Editor/Data/PlaybackEngines/WindowsStandaloneSupport/UnityEditor.WindowsStandalone.Extensions.dll
Registered in 0.002814 seconds.
Native extension for WindowsStandalone target not found
Native extension for WebGL target not found
Refreshing native plugins compatible for Editor in 47.62 ms, found 2 plugins.
Preloading 0 native plugins for Editor in 0.00 ms.
Mono: successfully reloaded assembly
- Completed reload, in  0.988 seconds
Domain Reload Profiling:
	ReloadAssembly (988ms)
		BeginReloadAssembly (168ms)
			ExecutionOrderSort (0ms)
			DisableScriptedObjects (0ms)
			BackupInstance (0ms)
			ReleaseScriptingObjects (0ms)
			CreateAndSetChildDomain (2ms)
		EndReloadAssembly (712ms)
			LoadAssemblies (166ms)
			RebuildTransferFunctionScriptingTraits (0ms)
			SetupTypeCache (232ms)
			ReleaseScriptCaches (0ms)
			RebuildScriptCaches (51ms)
			SetupLoadedEditorAssemblies (258ms)
				LogAssemblyErrors (0ms)
				InitializePlatformSupportModulesInManaged (7ms)
				SetLoadedEditorAssemblies (0ms)
				RefreshPlugins (48ms)
				BeforeProcessingInitializeOnLoad (26ms)
				ProcessInitializeOnLoadAttributes (124ms)
				ProcessInitializeOnLoadMethodAttributes (52ms)
				AfterProcessingInitializeOnLoad (0ms)
				EditorAssembliesLoaded (0ms)
			ExecutionOrderSort2 (0ms)
			AwakeInstancesAfterBackupRestoration (0ms)
Platform modules already initialized, skipping
Registering precompiled user dll's ...
Registered in 0.007316 seconds.
Begin MonoManager ReloadAssembly
Native extension for WindowsStandalone target not found
Native extension for WebGL target not found
Refreshing native plugins compatible for Editor in 0.42 ms, found 2 plugins.
Preloading 0 native plugins for Editor in 0.00 ms.
Mono: successfully reloaded assembly
- Completed reload, in  1.609 seconds
Domain Reload Profiling:
	ReloadAssembly (1611ms)
		BeginReloadAssembly (231ms)
			ExecutionOrderSort (0ms)
			DisableScriptedObjects (7ms)
			BackupInstance (0ms)
			ReleaseScriptingObjects (0ms)
			CreateAndSetChildDomain (26ms)
		EndReloadAssembly (1298ms)
			LoadAssemblies (162ms)
			RebuildTransferFunctionScriptingTraits (0ms)
			SetupTypeCache (414ms)
			ReleaseScriptCaches (0ms)
			RebuildScriptCaches (64ms)
			SetupLoadedEditorAssemblies (538ms)
				LogAssemblyErrors (0ms)
				InitializePlatformSupportModulesInManaged (7ms)
				SetLoadedEditorAssemblies (1ms)
				RefreshPlugins (1ms)
				BeforeProcessingInitializeOnLoad (109ms)
				ProcessInitializeOnLoadAttributes (402ms)
				ProcessInitializeOnLoadMethodAttributes (14ms)
				AfterProcessingInitializeOnLoad (4ms)
				EditorAssembliesLoaded (0ms)
			ExecutionOrderSort2 (0ms)
			AwakeInstancesAfterBackupRestoration (10ms)
Platform modules already initialized, skipping
========================================================================
Worker process is ready to serve import requests
Launched and connected shader compiler UnityShaderCompiler.exe after 0.14 seconds
Refreshing native plugins compatible for Editor in 0.41 ms, found 2 plugins.
Preloading 0 native plugins for Editor in 0.00 ms.
Unloading 1521 Unused Serialized files (Serialized files now loaded: 0)
System memory in use before: 68.0 MB.
System memory in use after: 68.1 MB.

Unloading 19 unused Assets to reduce memory usage. Loaded Objects now: 1960.
Total: 3.692200 ms (FindLiveObjects: 0.138100 ms CreateObjectMapping: 0.058300 ms MarkObjects: 3.409900 ms  DeleteObjects: 0.084900 ms)

AssetImportParameters requested are different than current active one (requested -> active):
  custom:framework-win-MediaFoundation: 216162199b28c13a410421893ffa2e32 -> 
  custom:video-decoder-ogg-theora: a1e56fd34408186e4bbccfd4996cb3dc -> 
  custom:container-muxer-webm: aa71ff27fc2769a1b78a27578f13a17b -> 
  custom:container-demuxer-webm: 4f35f7cbe854078d1ac9338744f61a02 -> 
  custom:container-demuxer-ogg: 62fdf1f143b41e24485cea50d1cbac27 -> 
  custom:video-encoder-webm-vp8: eb34c28f22e8b96e1ab97ce403110664 -> 
  custom:video-decoder-webm-vp8: 9c59270c3fd7afecdb556c50c9e8de78 -> 
  custom:audio-decoder-ogg-vorbis: bf7c407c2cedff20999df2af8eb42d56 -> 
  custom:audio-encoder-webm-vorbis: bf7c407c2cedff20999df2af8eb42d56 -> 
========================================================================
Received Import Request.
  path: Assets/Scenes/ShuffleMaster.unity
  artifactKey: Guid(d4d12b4a05fa68141b8de072951377d6) Importer(815301076,1909f56bfc062723c751e8b465ee728b)
Start importing Assets/Scenes/ShuffleMaster.unity using Guid(d4d12b4a05fa68141b8de072951377d6) Importer(815301076,1909f56bfc062723c751e8b465ee728b)  -> (artifact id: '5c4560ed96fff276bfbea2abb9ece062') in 0.019936 seconds 
  Import took 0.023118 seconds .

========================================================================
Received Import Request.
  Time since last request: 261.505860 seconds.
  path: Assets/ShuffleMaster/ShuffleMasterDivisionGate.cs
  artifactKey: Guid(5f9579f12e7ef6c4f8ac70d07547dab8) Importer(815301076,1909f56bfc062723c751e8b465ee728b)
Start importing Assets/ShuffleMaster/ShuffleMasterDivisionGate.cs using Guid(5f9579f12e7ef6c4f8ac70d07547dab8) Importer(815301076,1909f56bfc062723c751e8b465ee728b)  -> (artifact id: '50267404c79eeff6f07bb654cd648a58') in 0.044611 seconds 
  Import took 0.048399 seconds .

========================================================================
Received Import Request.
  Time since last request: 2.383546 seconds.
  path: Assets/ShuffleMaster/ShuffleMasterMovement.cs
  artifactKey: Guid(b8693057bde9b8d48ada699fb2717884) Importer(815301076,1909f56bfc062723c751e8b465ee728b)
Start importing Assets/ShuffleMaster/ShuffleMasterMovement.cs using Guid(b8693057bde9b8d48ada699fb2717884) Importer(815301076,1909f56bfc062723c751e8b465ee728b)  -> (artifact id: 'ba9bf91f65c318d6a410a003d8aa2ae9') in 0.010518 seconds 
  Import took 0.014915 seconds .

========================================================================
Received Import Request.
  Time since last request: 12.575450 seconds.
  path: Assets/ShuffleMaster/I_ShuffleMasterGate.cs
  artifactKey: Guid(b6308617c14b6524bb750675616e8059) Importer(815301076,1909f56bfc062723c751e8b465ee728b)
Start importing Assets/ShuffleMaster/I_ShuffleMasterGate.cs using Guid(b6308617c14b6524bb750675616e8059) Importer(815301076,1909f56bfc062723c751e8b465ee728b)  -> (artifact id: '456aebf0a0d2390e4317de3d578ad2ae') in 0.006986 seconds 
  Import took 0.011076 seconds .

========================================================================
Received Prepare
Registering precompiled user dll's ...
Registered in 0.008685 seconds.
Begin MonoManager ReloadAssembly
Native extension for WindowsStandalone target not found
Native extension for WebGL target not found
Refreshing native plugins compatible for Editor in 0.45 ms, found 2 plugins.
Preloading 0 native plugins for Editor in 0.00 ms.
Mono: successfully reloaded assembly
- Completed reload, in  1.563 seconds
Domain Reload Profiling:
	ReloadAssembly (1564ms)
		BeginReloadAssembly (189ms)
			ExecutionOrderSort (0ms)
			DisableScriptedObjects (8ms)
			BackupInstance (0ms)
			ReleaseScriptingObjects (0ms)
			CreateAndSetChildDomain (55ms)
		EndReloadAssembly (1278ms)
			LoadAssemblies (167ms)
			RebuildTransferFunctionScriptingTraits (0ms)
			SetupTypeCache (470ms)
			ReleaseScriptCaches (1ms)
			RebuildScriptCaches (55ms)
			SetupLoadedEditorAssemblies (456ms)
				LogAssemblyErrors (0ms)
				InitializePlatformSupportModulesInManaged (7ms)
				SetLoadedEditorAssemblies (1ms)
				RefreshPlugins (1ms)
				BeforeProcessingInitializeOnLoad (105ms)
				ProcessInitializeOnLoadAttributes (322ms)
				ProcessInitializeOnLoadMethodAttributes (14ms)
				AfterProcessingInitializeOnLoad (6ms)
				EditorAssembliesLoaded (1ms)
			ExecutionOrderSort2 (0ms)
			AwakeInstancesAfterBackupRestoration (10ms)
Platform modules already initialized, skipping
Refreshing native plugins compatible for Editor in 0.45 ms, found 2 plugins.
Preloading 0 native plugins for Editor in 0.00 ms.
Unloading 1525 Unused Serialized files (Serialized files now loaded: 0)
System memory in use before: 69.6 MB.
System memory in use after: 69.5 MB.

Unloading 16 unused Assets to reduce memory usage. Loaded Objects now: 1970.
Total: 3.463800 ms (FindLiveObjects: 0.163800 ms CreateObjectMapping: 0.070100 ms MarkObjects: 3.093500 ms  DeleteObjects: 0.135300 ms)

AssetImportParameters requested are different than current active one (requested -> active):
  custom:framework-win-MediaFoundation: 216162199b28c13a410421893ffa2e32 -> 
  custom:video-decoder-ogg-theora: a1e56fd34408186e4bbccfd4996cb3dc -> 
  custom:container-muxer-webm: aa71ff27fc2769a1b78a27578f13a17b -> 
  custom:container-demuxer-webm: 4f35f7cbe854078d1ac9338744f61a02 -> 
  custom:container-demuxer-ogg: 62fdf1f143b41e24485cea50d1cbac27 -> 
  custom:video-encoder-webm-vp8: eb34c28f22e8b96e1ab97ce403110664 -> 
  custom:video-decoder-webm-vp8: 9c59270c3fd7afecdb556c50c9e8de78 -> 
  custom:audio-decoder-ogg-vorbis: bf7c407c2cedff20999df2af8eb42d56 -> 
  custom:audio-encoder-webm-vorbis: bf7c407c2cedff20999df2af8eb42d56 -> 
========================================================================
Received Prepare
Registering precompiled user dll's ...
Registered in 0.008110 seconds.
Begin MonoManager ReloadAssembly
Native extension for WindowsStandalone target not found
Native extension for WebGL target not found
Refreshing native plugins compatible for Editor in 0.44 ms, found 2 plugins.
Preloading 0 native plugins for Editor in 0.00 ms.
Mono: successfully reloaded assembly
- Completed reload, in  1.480 seconds
Domain Reload Profiling:
	ReloadAssembly (1481ms)
		BeginReloadAssembly (173ms)
			ExecutionOrderSort (0ms)
			DisableScriptedObjects (7ms)
			BackupInstance (0ms)
			ReleaseScriptingObjects (0ms)
			CreateAndSetChildDomain (45ms)
		EndReloadAssembly (1215ms)
			LoadAssemblies (162ms)
			RebuildTransferFunctionScriptingTraits (0ms)
			SetupTypeCache (457ms)
			ReleaseScriptCaches (1ms)
			RebuildScriptCaches (59ms)
			SetupLoadedEditorAssemblies (417ms)
				LogAssemblyErrors (0ms)
				InitializePlatformSupportModulesInManaged (8ms)
				SetLoadedEditorAssemblies (1ms)
				RefreshPlugins (1ms)
				BeforeProcessingInitializeOnLoad (102ms)
				ProcessInitializeOnLoadAttributes (290ms)
				ProcessInitializeOnLoadMethodAttributes (12ms)
				AfterProcessingInitializeOnLoad (4ms)
				EditorAssembliesLoaded (0ms)
			ExecutionOrderSort2 (0ms)
			AwakeInstancesAfterBackupRestoration (10ms)
Platform modules already initialized, skipping
Refreshing native plugins compatible for Editor in 0.50 ms, found 2 plugins.
Preloading 0 native plugins for Editor in 0.00 ms.
Unloading 1524 Unused Serialized files (Serialized files now loaded: 0)
System memory in use before: 69.6 MB.
System memory in use after: 69.5 MB.

Unloading 15 unused Assets to reduce memory usage. Loaded Objects now: 1972.
Total: 3.624100 ms (FindLiveObjects: 0.142200 ms CreateObjectMapping: 0.062700 ms MarkObjects: 3.269900 ms  DeleteObjects: 0.148400 ms)

AssetImportParameters requested are different than current active one (requested -> active):
  custom:framework-win-MediaFoundation: 216162199b28c13a410421893ffa2e32 -> 
  custom:video-decoder-ogg-theora: a1e56fd34408186e4bbccfd4996cb3dc -> 
  custom:container-muxer-webm: aa71ff27fc2769a1b78a27578f13a17b -> 
  custom:container-demuxer-webm: 4f35f7cbe854078d1ac9338744f61a02 -> 
  custom:container-demuxer-ogg: 62fdf1f143b41e24485cea50d1cbac27 -> 
  custom:video-encoder-webm-vp8: eb34c28f22e8b96e1ab97ce403110664 -> 
  custom:video-decoder-webm-vp8: 9c59270c3fd7afecdb556c50c9e8de78 -> 
  custom:audio-decoder-ogg-vorbis: bf7c407c2cedff20999df2af8eb42d56 -> 
  custom:audio-encoder-webm-vorbis: bf7c407c2cedff20999df2af8eb42d56 -> 
========================================================================
Received Prepare
Registering precompiled user dll's ...
Registered in 0.006005 seconds.
Begin MonoManager ReloadAssembly
Native extension for WindowsStandalone target not found
Native extension for WebGL target not found
Refreshing native plugins compatible for Editor in 0.43 ms, found 2 plugins.
Preloading 0 native plugins for Editor in 0.00 ms.
Mono: successfully reloaded assembly
- Completed reload, in  1.469 seconds
Domain Reload Profiling:
	ReloadAssembly (1469ms)
		BeginReloadAssembly (154ms)
			ExecutionOrderSort (0ms)
			DisableScriptedObjects (7ms)
			BackupInstance (0ms)
			ReleaseScriptingObjects (0ms)
			CreateAndSetChildDomain (44ms)
		EndReloadAssembly (1235ms)
			LoadAssemblies (161ms)
			RebuildTransferFunctionScriptingTraits (0ms)
			SetupTypeCache (429ms)
			ReleaseScriptCaches (1ms)
			RebuildScriptCaches (60ms)
			SetupLoadedEditorAssemblies (430ms)
				LogAssemblyErrors (0ms)
				InitializePlatformSupportModulesInManaged (7ms)
				SetLoadedEditorAssemblies (1ms)
				RefreshPlugins (1ms)
				BeforeProcessingInitializeOnLoad (106ms)
				ProcessInitializeOnLoadAttributes (301ms)
				ProcessInitializeOnLoadMethodAttributes (12ms)
				AfterProcessingInitializeOnLoad (4ms)
				EditorAssembliesLoaded (0ms)
			ExecutionOrderSort2 (0ms)
			AwakeInstancesAfterBackupRestoration (10ms)
Platform modules already initialized, skipping
Refreshing native plugins compatible for Editor in 0.74 ms, found 2 plugins.
Preloading 0 native plugins for Editor in 0.00 ms.
Unloading 1524 Unused Serialized files (Serialized files now loaded: 0)
System memory in use before: 69.6 MB.
System memory in use after: 69.6 MB.

Unloading 15 unused Assets to reduce memory usage. Loaded Objects now: 1974.
Total: 3.651800 ms (FindLiveObjects: 0.202800 ms CreateObjectMapping: 0.120900 ms MarkObjects: 3.178500 ms  DeleteObjects: 0.148600 ms)

AssetImportParameters requested are different than current active one (requested -> active):
  custom:framework-win-MediaFoundation: 216162199b28c13a410421893ffa2e32 -> 
  custom:video-decoder-ogg-theora: a1e56fd34408186e4bbccfd4996cb3dc -> 
  custom:container-muxer-webm: aa71ff27fc2769a1b78a27578f13a17b -> 
  custom:container-demuxer-webm: 4f35f7cbe854078d1ac9338744f61a02 -> 
  custom:container-demuxer-ogg: 62fdf1f143b41e24485cea50d1cbac27 -> 
  custom:video-encoder-webm-vp8: eb34c28f22e8b96e1ab97ce403110664 -> 
  custom:video-decoder-webm-vp8: 9c59270c3fd7afecdb556c50c9e8de78 -> 
  custom:audio-decoder-ogg-vorbis: bf7c407c2cedff20999df2af8eb42d56 -> 
  custom:audio-encoder-webm-vorbis: bf7c407c2cedff20999df2af8eb42d56 -> 
========================================================================
Received Prepare
Registering precompiled user dll's ...
Registered in 0.005937 seconds.
Begin MonoManager ReloadAssembly
Native extension for WindowsStandalone target not found
Native extension for WebGL target not found
Refreshing native plugins compatible for Editor in 0.47 ms, found 2 plugins.
Preloading 0 native plugins for Editor in 0.00 ms.
Invalid AssetDatabase path: /Editor/EditorResources/cm_logo_sm.png. Use path relative to the project folder.
UnityEngine.StackTraceUtility:ExtractStackTrace ()
UnityEditor.AssetDatabase:LoadAssetAtPath<UnityEngine.Texture2D> (string)
Cinemachine.Editor.CinemachineSettings:get_CinemachineLogoTexture () (at Library/PackageCache/com.unity.cinemachine@2.6.17/Editor/Windows/CinemachineSettings.cs:205)
Cinemachine.Editor.CinemachineSettings:.cctor () (at Library/PackageCache/com.unity.cinemachine@2.6.17/Editor/Windows/CinemachineSettings.cs:261)
Cinemachine.CinemachineColliderPrefs:.cctor () (at Library/PackageCache/com.unity.cinemachine@2.6.17/Editor/Windows/CinemachineColliderPrefs.cs:61)
System.Runtime.CompilerServices.RuntimeHelpers:RunClassConstructor (System.RuntimeTypeHandle)
UnityEditor.EditorAssemblies:ProcessInitializeOnLoadAttributes (System.Type[])

[Library/PackageCache/com.unity.cinemachine@2.6.17/Editor/Windows/CinemachineSettings.cs line 205]

Invalid AssetDatabase path: /Editor/EditorResources/cm_logo_sm.png. Use path relative to the project folder.
UnityEngine.StackTraceUtility:ExtractStackTrace ()
UnityEditor.AssetDatabase:LoadAssetAtPath<UnityEngine.Texture2D> (string)
Cinemachine.Editor.CinemachineSettings:get_CinemachineLogoTexture () (at Library/PackageCache/com.unity.cinemachine@2.6.17/Editor/Windows/CinemachineSettings.cs:205)
Cinemachine.Editor.CinemachineSettings:OnPackageLoadedInEditor () (at Library/PackageCache/com.unity.cinemachine@2.6.17/Editor/Windows/CinemachineSettings.cs:246)
System.Reflection.MonoMethod:Invoke (object,System.Reflection.BindingFlags,System.Reflection.Binder,object[],System.Globalization.CultureInfo)
System.Reflection.MethodBase:Invoke (object,object[])
UnityEditor.EditorAssemblies:ProcessInitializeOnLoadMethodAttributes ()

[Library/PackageCache/com.unity.cinemachine@2.6.17/Editor/Windows/CinemachineSettings.cs line 205]

Mono: successfully reloaded assembly
- Completed reload, in  1.425 seconds
Domain Reload Profiling:
	ReloadAssembly (1425ms)
		BeginReloadAssembly (153ms)
			ExecutionOrderSort (0ms)
			DisableScriptedObjects (6ms)
			BackupInstance (0ms)
			ReleaseScriptingObjects (0ms)
			CreateAndSetChildDomain (40ms)
		EndReloadAssembly (1187ms)
			LoadAssemblies (143ms)
			RebuildTransferFunctionScriptingTraits (0ms)
			SetupTypeCache (412ms)
			ReleaseScriptCaches (1ms)
			RebuildScriptCaches (55ms)
			SetupLoadedEditorAssemblies (452ms)
				LogAssemblyErrors (0ms)
				InitializePlatformSupportModulesInManaged (7ms)
				SetLoadedEditorAssemblies (1ms)
				RefreshPlugins (1ms)
				BeforeProcessingInitializeOnLoad (105ms)
				ProcessInitializeOnLoadAttributes (320ms)
				ProcessInitializeOnLoadMethodAttributes (14ms)
				AfterProcessingInitializeOnLoad (4ms)
				EditorAssembliesLoaded (0ms)
			ExecutionOrderSort2 (0ms)
			AwakeInstancesAfterBackupRestoration (11ms)
Platform modules already initialized, skipping
Refreshing native plugins compatible for Editor in 0.45 ms, found 2 plugins.
Preloading 0 native plugins for Editor in 0.00 ms.
Unloading 1672 Unused Serialized files (Serialized files now loaded: 0)
System memory in use before: 74.5 MB.
System memory in use after: 74.4 MB.

Unloading 16 unused Assets to reduce memory usage. Loaded Objects now: 2123.
Total: 3.826400 ms (FindLiveObjects: 0.165300 ms CreateObjectMapping: 0.097100 ms MarkObjects: 3.407100 ms  DeleteObjects: 0.155800 ms)

AssetImportParameters requested are different than current active one (requested -> active):
  custom:framework-win-MediaFoundation: 216162199b28c13a410421893ffa2e32 -> 
  custom:video-decoder-ogg-theora: a1e56fd34408186e4bbccfd4996cb3dc -> 
  custom:container-muxer-webm: aa71ff27fc2769a1b78a27578f13a17b -> 
  custom:container-demuxer-webm: 4f35f7cbe854078d1ac9338744f61a02 -> 
  custom:container-demuxer-ogg: 62fdf1f143b41e24485cea50d1cbac27 -> 
  custom:video-encoder-webm-vp8: eb34c28f22e8b96e1ab97ce403110664 -> 
  custom:video-decoder-webm-vp8: 9c59270c3fd7afecdb556c50c9e8de78 -> 
  custom:audio-decoder-ogg-vorbis: bf7c407c2cedff20999df2af8eb42d56 -> 
  custom:audio-encoder-webm-vorbis: bf7c407c2cedff20999df2af8eb42d56 -> 
========================================================================
Received Prepare
Registering precompiled user dll's ...
Registered in 0.006125 seconds.
Begin MonoManager ReloadAssembly
Native extension for WindowsStandalone target not found
Native extension for WebGL target not found
Refreshing native plugins compatible for Editor in 0.47 ms, found 2 plugins.
Preloading 0 native plugins for Editor in 0.00 ms.
Mono: successfully reloaded assembly
- Completed reload, in  1.453 seconds
Domain Reload Profiling:
	ReloadAssembly (1454ms)
		BeginReloadAssembly (164ms)
			ExecutionOrderSort (0ms)
			DisableScriptedObjects (7ms)
			BackupInstance (0ms)
			ReleaseScriptingObjects (0ms)
			CreateAndSetChildDomain (43ms)
		EndReloadAssembly (1210ms)
			LoadAssemblies (151ms)
			RebuildTransferFunctionScriptingTraits (0ms)
			SetupTypeCache (414ms)
			ReleaseScriptCaches (1ms)
			RebuildScriptCaches (70ms)
			SetupLoadedEditorAssemblies (448ms)
				LogAssemblyErrors (0ms)
				InitializePlatformSupportModulesInManaged (8ms)
				SetLoadedEditorAssemblies (1ms)
				RefreshPlugins (1ms)
				BeforeProcessingInitializeOnLoad (104ms)
				ProcessInitializeOnLoadAttributes (318ms)
				ProcessInitializeOnLoadMethodAttributes (12ms)
				AfterProcessingInitializeOnLoad (4ms)
				EditorAssembliesLoaded (0ms)
			ExecutionOrderSort2 (0ms)
			AwakeInstancesAfterBackupRestoration (9ms)
Platform modules already initialized, skipping
Refreshing native plugins compatible for Editor in 0.46 ms, found 2 plugins.
Preloading 0 native plugins for Editor in 0.00 ms.
Unloading 1673 Unused Serialized files (Serialized files now loaded: 0)
System memory in use before: 74.6 MB.
System memory in use after: 74.5 MB.

Unloading 17 unused Assets to reduce memory usage. Loaded Objects now: 2126.
Total: 3.890600 ms (FindLiveObjects: 0.213000 ms CreateObjectMapping: 0.101900 ms MarkObjects: 3.412900 ms  DeleteObjects: 0.161900 ms)

AssetImportParameters requested are different than current active one (requested -> active):
  custom:framework-win-MediaFoundation: 216162199b28c13a410421893ffa2e32 -> 
  custom:video-decoder-ogg-theora: a1e56fd34408186e4bbccfd4996cb3dc -> 
  custom:container-muxer-webm: aa71ff27fc2769a1b78a27578f13a17b -> 
  custom:container-demuxer-webm: 4f35f7cbe854078d1ac9338744f61a02 -> 
  custom:container-demuxer-ogg: 62fdf1f143b41e24485cea50d1cbac27 -> 
  custom:video-encoder-webm-vp8: eb34c28f22e8b96e1ab97ce403110664 -> 
  custom:video-decoder-webm-vp8: 9c59270c3fd7afecdb556c50c9e8de78 -> 
  custom:audio-decoder-ogg-vorbis: bf7c407c2cedff20999df2af8eb42d56 -> 
  custom:audio-encoder-webm-vorbis: bf7c407c2cedff20999df2af8eb42d56 -> 
========================================================================
Received Import Request.
  Time since last request: 662.253849 seconds.
  path: Assets/Models/12683_hand_v1_FINAL.obj
  artifactKey: Guid(9d9000218563bfb40a839a7a214c3834) Importer(815301076,1909f56bfc062723c751e8b465ee728b)
Start importing Assets/Models/12683_hand_v1_FINAL.obj using Guid(9d9000218563bfb40a839a7a214c3834) Importer(815301076,1909f56bfc062723c751e8b465ee728b)  -> (artifact id: '8987bc931e984b5959c4c3f3283f7af4') in 0.667785 seconds 
  Import took 0.672858 seconds .

========================================================================
Received Import Request.
  Time since last request: 0.000327 seconds.
  path: Assets/Models/Guillotine.FBX
  artifactKey: Guid(75c59df1dfe400047a2bba126a2a1d13) Importer(815301076,1909f56bfc062723c751e8b465ee728b)
Start importing Assets/Models/Guillotine.FBX using Guid(75c59df1dfe400047a2bba126a2a1d13) Importer(815301076,1909f56bfc062723c751e8b465ee728b)  -> (artifact id: 'caa41f73f60972bc5fb5f0b537889ddf') in 0.065744 seconds 
  Import took 0.070178 seconds .

========================================================================
Received Import Request.
  Time since last request: 0.000310 seconds.
  path: Assets/Models/Blood_Drop.FBX
  artifactKey: Guid(bde8c1b83042b6f498c436f50c6b40d7) Importer(815301076,1909f56bfc062723c751e8b465ee728b)
Start importing Assets/Models/Blood_Drop.FBX using Guid(bde8c1b83042b6f498c436f50c6b40d7) Importer(815301076,1909f56bfc062723c751e8b465ee728b)  -> (artifact id: 'bb1293e15a28a25c7564dd75173daeaf') in 0.036520 seconds 
  Import took 0.041410 seconds .

========================================================================
Received Import Request.
  Time since last request: 0.000284 seconds.
  path: Assets/Models/Arrow.FBX
  artifactKey: Guid(70ad568d68510a14591fe93b884c3972) Importer(815301076,1909f56bfc062723c751e8b465ee728b)
Start importing Assets/Models/Arrow.FBX using Guid(70ad568d68510a14591fe93b884c3972) Importer(815301076,1909f56bfc062723c751e8b465ee728b)  -> (artifact id: 'cef9eeecb27250717504cf4ff3f171e4') in 0.096966 seconds 
  Import took 0.102364 seconds .

========================================================================
Received Import Request.
  Time since last request: 0.000243 seconds.
  path: Assets/Models/Glue.fbx
  artifactKey: Guid(ed41c4fd2344ccf4ca45b023c0a16dcf) Importer(815301076,1909f56bfc062723c751e8b465ee728b)
Start importing Assets/Models/Glue.fbx using Guid(ed41c4fd2344ccf4ca45b023c0a16dcf) Importer(815301076,1909f56bfc062723c751e8b465ee728b)  -> (artifact id: 'ac105e100e4e84b4ab7cc64e4c281ecc') in 0.041337 seconds 
  Import took 0.046629 seconds .

========================================================================
Received Import Request.
  Time since last request: 0.000257 seconds.
  path: Assets/Models/Bot Tank 1.FBX
  artifactKey: Guid(8074458e2a6996e4aa0d5a4acedf51a0) Importer(815301076,1909f56bfc062723c751e8b465ee728b)
Start importing Assets/Models/Bot Tank 1.FBX using Guid(8074458e2a6996e4aa0d5a4acedf51a0) Importer(815301076,1909f56bfc062723c751e8b465ee728b)  -> (artifact id: 'eca7439c4a24c39bd59840e1755e92c7') in 0.038132 seconds 
  Import took 0.042217 seconds .

========================================================================
Received Import Request.
  Time since last request: 0.000278 seconds.
  path: Assets/Models/Civi.fbx
  artifactKey: Guid(724f8bef51f3e4b44b0600c6605385f7) Importer(815301076,1909f56bfc062723c751e8b465ee728b)
Start importing Assets/Models/Civi.fbx using Guid(724f8bef51f3e4b44b0600c6605385f7) Importer(815301076,1909f56bfc062723c751e8b465ee728b)  -> (artifact id: '3afaf12d08da2ae7bba36cb215ee45c7') in 0.055878 seconds 
  Import took 0.060201 seconds .

========================================================================
Received Import Request.
  Time since last request: 0.000258 seconds.
  path: Assets/Models/Card(rotated).FBX
  artifactKey: Guid(93f7ebb6f568fd141afd6219e9e5b97b) Importer(815301076,1909f56bfc062723c751e8b465ee728b)
Start importing Assets/Models/Card(rotated).FBX using Guid(93f7ebb6f568fd141afd6219e9e5b97b) Importer(815301076,1909f56bfc062723c751e8b465ee728b)  -> (artifact id: 'b3597ab6c2d35a5db37cf6f3db4b9499') in 0.030318 seconds 
  Import took 0.034730 seconds .

========================================================================
Received Import Request.
  Time since last request: 0.000300 seconds.
  path: Assets/Models/Cannon.FBX
  artifactKey: Guid(cb6660e077b0eba498420983b725ef0e) Importer(815301076,1909f56bfc062723c751e8b465ee728b)
Start importing Assets/Models/Cannon.FBX using Guid(cb6660e077b0eba498420983b725ef0e) Importer(815301076,1909f56bfc062723c751e8b465ee728b)  -> (artifact id: '3b6212620e7b025df6225a3468d73d6e') in 0.051637 seconds 
  Import took 0.057071 seconds .

========================================================================
Received Import Request.
  Time since last request: 0.000281 seconds.
  path: Assets/Models/Bot Tank 3.FBX
  artifactKey: Guid(dcd777da0b1b8614ab6e8cd3ed5d753c) Importer(815301076,1909f56bfc062723c751e8b465ee728b)
Start importing Assets/Models/Bot Tank 3.FBX using Guid(dcd777da0b1b8614ab6e8cd3ed5d753c) Importer(815301076,1909f56bfc062723c751e8b465ee728b)  -> (artifact id: 'a7d43ebf68703e3f6e725d0ff9d5eec4') in 0.036596 seconds 
  Import took 0.040710 seconds .

========================================================================
Received Import Request.
  Time since last request: 0.000318 seconds.
  path: Assets/Models/Card.FBX
  artifactKey: Guid(bc383610212966b4fa27ff906f601384) Importer(815301076,1909f56bfc062723c751e8b465ee728b)
Start importing Assets/Models/Card.FBX using Guid(bc383610212966b4fa27ff906f601384) Importer(815301076,1909f56bfc062723c751e8b465ee728b)  -> (artifact id: '0106bf0ba568078fa0a09b84e1e7774d') in 0.040899 seconds 
  Import took 0.045558 seconds .

========================================================================
Received Import Request.
  Time since last request: 0.000325 seconds.
  path: Assets/Models/Gold.FBX
  artifactKey: Guid(672942b5e4ea9ab4f859fc257509be8c) Importer(815301076,1909f56bfc062723c751e8b465ee728b)
Start importing Assets/Models/Gold.FBX using Guid(672942b5e4ea9ab4f859fc257509be8c) Importer(815301076,1909f56bfc062723c751e8b465ee728b)  -> (artifact id: 'bc3647d3e3c689b6404d91222b544e16') in 0.031160 seconds 
  Import took 0.037252 seconds .

========================================================================
Received Import Request.
  Time since last request: 0.000367 seconds.
  path: Assets/Models/hand(lowered poly count).FBX
  artifactKey: Guid(57b8d64cf8e616b468614a7b8eca6cc5) Importer(815301076,1909f56bfc062723c751e8b465ee728b)
Start importing Assets/Models/hand(lowered poly count).FBX using Guid(57b8d64cf8e616b468614a7b8eca6cc5) Importer(815301076,1909f56bfc062723c751e8b465ee728b)  -> (artifact id: '266937f55f1aae9d834083c47667f654') in 0.038497 seconds 
  Import took 0.043448 seconds .

========================================================================
Received Import Request.
  Time since last request: 0.000253 seconds.
  path: Assets/Models/Diamond.FBX
  artifactKey: Guid(da87488cd7c74014bb91fb38c18c8c82) Importer(815301076,1909f56bfc062723c751e8b465ee728b)
Start importing Assets/Models/Diamond.FBX using Guid(da87488cd7c74014bb91fb38c18c8c82) Importer(815301076,1909f56bfc062723c751e8b465ee728b)  -> (artifact id: 'b1ccfd64fc915dd3bcd6b7d35398503e') in 0.039079 seconds 
  Import took 0.043506 seconds .

========================================================================
Received Import Request.
  Time since last request: 0.000263 seconds.
  path: Assets/Models/Hammer.fbx
  artifactKey: Guid(af58ecce160efba4896e26373bba37a4) Importer(815301076,1909f56bfc062723c751e8b465ee728b)
Start importing Assets/Models/Hammer.fbx using Guid(af58ecce160efba4896e26373bba37a4) Importer(815301076,1909f56bfc062723c751e8b465ee728b)  -> (artifact id: 'e68a24baa5bdcb1a4d8056bfe77c4936') in 0.052914 seconds 
  Import took 0.058162 seconds .

========================================================================
Received Import Request.
  Time since last request: 0.000242 seconds.
  path: Assets/Models/Cannon 1.FBX
  artifactKey: Guid(9d31d4087dd3ba64bac25f8666e88166) Importer(815301076,1909f56bfc062723c751e8b465ee728b)
Start importing Assets/Models/Cannon 1.FBX using Guid(9d31d4087dd3ba64bac25f8666e88166) Importer(815301076,1909f56bfc062723c751e8b465ee728b)  -> (artifact id: 'c9c092c3815e2cc214fcebc1375b770d') in 0.063784 seconds 
  Import took 0.067540 seconds .

========================================================================
Received Import Request.
  Time since last request: 0.000354 seconds.
  path: Assets/Models/Bot Tank 2.FBX
  artifactKey: Guid(789606db6844420459e43baf4d68e08e) Importer(815301076,1909f56bfc062723c751e8b465ee728b)
Start importing Assets/Models/Bot Tank 2.FBX using Guid(789606db6844420459e43baf4d68e08e) Importer(815301076,1909f56bfc062723c751e8b465ee728b)  -> (artifact id: '426af15bc15d96776cee161f65cd8c3a') in 0.044091 seconds 
  Import took 0.048886 seconds .

========================================================================
Received Import Request.
  Time since last request: 0.220863 seconds.
  path: Assets/Models/vampire_a_lusth (2).fbm
  artifactKey: Guid(bb26f1067a592f444a6e7a31cd752059) Importer(815301076,1909f56bfc062723c751e8b465ee728b)
Start importing Assets/Models/vampire_a_lusth (2).fbm using Guid(bb26f1067a592f444a6e7a31cd752059) Importer(815301076,1909f56bfc062723c751e8b465ee728b)  -> (artifact id: 'f3b1ec28a00e15c83db5dc7d306ae68c') in 0.008577 seconds 
  Import took 0.014267 seconds .

========================================================================
Received Import Request.
  Time since last request: 6.949062 seconds.
  path: Assets/Models/Knife.FBX
  artifactKey: Guid(6df825e4694e9e242bf2f3f294f3df02) Importer(815301076,1909f56bfc062723c751e8b465ee728b)
Start importing Assets/Models/Knife.FBX using Guid(6df825e4694e9e242bf2f3f294f3df02) Importer(815301076,1909f56bfc062723c751e8b465ee728b)  -> (artifact id: '0c0ee61926dc6b14829251539bacdfac') in 0.086975 seconds 
  Import took 0.091678 seconds .

========================================================================
Received Import Request.
  Time since last request: 0.000323 seconds.
  path: Assets/Models/SilikonTabancas1.fbx
  artifactKey: Guid(059615548a37e3f4493f7ac386e72903) Importer(815301076,1909f56bfc062723c751e8b465ee728b)
Start importing Assets/Models/SilikonTabancas1.fbx using Guid(059615548a37e3f4493f7ac386e72903) Importer(815301076,1909f56bfc062723c751e8b465ee728b)  -> (artifact id: 'b7ca0c2cde5bd49f8ac42f1209b887b0') in 0.059912 seconds 
  Import took 0.064648 seconds .

========================================================================
Received Import Request.
  Time since last request: 0.000289 seconds.
  path: Assets/Models/Makas.fbx
  artifactKey: Guid(491f4537df568244ab7f23f7c4c3aebe) Importer(815301076,1909f56bfc062723c751e8b465ee728b)
Start importing Assets/Models/Makas.fbx using Guid(491f4537df568244ab7f23f7c4c3aebe) Importer(815301076,1909f56bfc062723c751e8b465ee728b)  -> (artifact id: '31dcd705ad6ed077c5e83257b5eedd19') in 0.086424 seconds 
  Import took 0.090579 seconds .

========================================================================
Received Import Request.
  Time since last request: 0.000361 seconds.
  path: Assets/Models/SilikonTabancas2.fbx
  artifactKey: Guid(4d2ecfcdcb377f9469925583d1d0f304) Importer(815301076,1909f56bfc062723c751e8b465ee728b)
Start importing Assets/Models/SilikonTabancas2.fbx using Guid(4d2ecfcdcb377f9469925583d1d0f304) Importer(815301076,1909f56bfc062723c751e8b465ee728b)  -> (artifact id: '697ff2aaf39f9966735d6bcaac2f1fe7') in 0.053788 seconds 
  Import took 0.057866 seconds .

========================================================================
Received Import Request.
  Time since last request: 0.000304 seconds.
  path: Assets/Models/RopeTrial.FBX
  artifactKey: Guid(6a42fb6a43ad62d4db0f056217609a99) Importer(815301076,1909f56bfc062723c751e8b465ee728b)
Start importing Assets/Models/RopeTrial.FBX using Guid(6a42fb6a43ad62d4db0f056217609a99) Importer(815301076,1909f56bfc062723c751e8b465ee728b)  -> (artifact id: 'c5a9c1e02e55c92b45ddabeead837686') in 0.059899 seconds 
  Import took 0.064080 seconds .

========================================================================
Received Import Request.
  Time since last request: 0.000389 seconds.
  path: Assets/Models/Tornavida.fbx
  artifactKey: Guid(6938a4c56eb27bc49a1cb341d5559414) Importer(815301076,1909f56bfc062723c751e8b465ee728b)
Start importing Assets/Models/Tornavida.fbx using Guid(6938a4c56eb27bc49a1cb341d5559414) Importer(815301076,1909f56bfc062723c751e8b465ee728b)  -> (artifact id: '1291818eab7e72bb3ecbea9b8814a741') in 0.048176 seconds 
  Import took 0.052734 seconds .

========================================================================
Received Import Request.
  Time since last request: 0.000262 seconds.
  path: Assets/Models/SpikyObs.FBX
  artifactKey: Guid(dea5ddea5c78b3c4baafe8187ed5060b) Importer(815301076,1909f56bfc062723c751e8b465ee728b)
Start importing Assets/Models/SpikyObs.FBX using Guid(dea5ddea5c78b3c4baafe8187ed5060b) Importer(815301076,1909f56bfc062723c751e8b465ee728b)  -> (artifact id: 'c46abad2c9737d3828a06b81a53cb902') in 0.030336 seconds 
  Import took 0.035161 seconds .

========================================================================
Received Import Request.
  Time since last request: 0.000366 seconds.
  path: Assets/Models/vampire_a_lusth (2).fbx
  artifactKey: Guid(a162f378f1e63024f8be3059e8902009) Importer(815301076,1909f56bfc062723c751e8b465ee728b)
Start importing Assets/Models/vampire_a_lusth (2).fbx using Guid(a162f378f1e63024f8be3059e8902009) Importer(815301076,1909f56bfc062723c751e8b465ee728b)  -> (artifact id: '3a6a6e968fbf35d3a7f94bf9246f65eb') in 0.429394 seconds 
  Import took 0.433575 seconds .

========================================================================
Received Import Request.
  Time since last request: 0.000337 seconds.
  path: Assets/Models/Knife2.FBX
  artifactKey: Guid(a595dca67375ebc4c92d7b1157a784b3) Importer(815301076,1909f56bfc062723c751e8b465ee728b)
Start importing Assets/Models/Knife2.FBX using Guid(a595dca67375ebc4c92d7b1157a784b3) Importer(815301076,1909f56bfc062723c751e8b465ee728b)  -> (artifact id: '331c2ee302579ce33451af40e6c87fff') in 0.083599 seconds 
  Import took 0.089532 seconds .

========================================================================
Received Import Request.
  Time since last request: 0.000367 seconds.
  path: Assets/Models/SpikeWheel.FBX
  artifactKey: Guid(b8d14dd7179a8044384ba27fbb576da5) Importer(815301076,1909f56bfc062723c751e8b465ee728b)
Start importing Assets/Models/SpikeWheel.FBX using Guid(b8d14dd7179a8044384ba27fbb576da5) Importer(815301076,1909f56bfc062723c751e8b465ee728b)  -> (artifact id: 'beb80285000cfc562f7f97496995d308') in 0.031071 seconds 
  Import took 0.036753 seconds .

========================================================================
Received Import Request.
  Time since last request: 0.000342 seconds.
  path: Assets/Models/Run.fbx
  artifactKey: Guid(e84194018a9e99641a75ff74827022f4) Importer(815301076,1909f56bfc062723c751e8b465ee728b)
Start importing Assets/Models/Run.fbx using Guid(e84194018a9e99641a75ff74827022f4) Importer(815301076,1909f56bfc062723c751e8b465ee728b)  -> (artifact id: 'bfa7fd72dddf16cd538fc93ade8f2d6d') in 0.421022 seconds 
  Import took 0.426202 seconds .

========================================================================
Received Import Request.
  Time since last request: 0.000373 seconds.
  path: Assets/Models/Swing Dancing.fbx
  artifactKey: Guid(f6201c9f873e832489990f0d31de730f) Importer(815301076,1909f56bfc062723c751e8b465ee728b)
Start importing Assets/Models/Swing Dancing.fbx using Guid(f6201c9f873e832489990f0d31de730f) Importer(815301076,1909f56bfc062723c751e8b465ee728b)  -> (artifact id: '3c39d194342d48e64b86a2d4f5832f2c') in 0.080184 seconds 
  Import took 0.084596 seconds .

========================================================================
Received Import Request.
  Time since last request: 10.571295 seconds.
  path: Assets/Models/Vampire_MAT.mat
  artifactKey: Guid(463f1ac6424d20649b4c1494de3b0566) Importer(815301076,1909f56bfc062723c751e8b465ee728b)
Start importing Assets/Models/Vampire_MAT.mat using Guid(463f1ac6424d20649b4c1494de3b0566) Importer(815301076,1909f56bfc062723c751e8b465ee728b)  -> (artifact id: 'f602b67476b39d0b3748bb5bad32021a') in 0.414875 seconds 
  Import took 0.418967 seconds .

========================================================================
Received Import Request.
  Time since last request: 0.000339 seconds.
  path: Assets/Models/Walking (1).fbx
  artifactKey: Guid(d5e9eeae818ecf347a19769c21236eca) Importer(815301076,1909f56bfc062723c751e8b465ee728b)
Start importing Assets/Models/Walking (1).fbx using Guid(d5e9eeae818ecf347a19769c21236eca) Importer(815301076,1909f56bfc062723c751e8b465ee728b)  -> (artifact id: '3bb0d9fc9abde2f811d61092fc05256c') in 0.059741 seconds 
  Import took 0.064028 seconds .

========================================================================
Received Import Request.
  Time since last request: 0.000347 seconds.
  path: Assets/Models/Vida.fbx
  artifactKey: Guid(0b58c1711070b0d46ad9a5b83616c5f4) Importer(815301076,1909f56bfc062723c751e8b465ee728b)
Start importing Assets/Models/Vida.fbx using Guid(0b58c1711070b0d46ad9a5b83616c5f4) Importer(815301076,1909f56bfc062723c751e8b465ee728b)  -> (artifact id: '44a9fd5476888df8cb704f63542d22e8') in 0.037396 seconds 
  Import took 0.041534 seconds .

========================================================================
Received Import Request.
  Time since last request: 0.000363 seconds.
  path: Assets/Models/Walking.fbx
  artifactKey: Guid(b08b785bd4b3ff840847078a05bf8332) Importer(815301076,1909f56bfc062723c751e8b465ee728b)
Start importing Assets/Models/Walking.fbx using Guid(b08b785bd4b3ff840847078a05bf8332) Importer(815301076,1909f56bfc062723c751e8b465ee728b)  -> (artifact id: '2cd8bd36e7a05f366d49a053b66c0a9e') in 0.077423 seconds 
  Import took 0.081953 seconds .

========================================================================
Received Import Request.
  Time since last request: 0.000305 seconds.
  path: Assets/Models/Wood.fbx
  artifactKey: Guid(bd7bdd1d70d909047925a33d0348d872) Importer(815301076,1909f56bfc062723c751e8b465ee728b)
Start importing Assets/Models/Wood.fbx using Guid(bd7bdd1d70d909047925a33d0348d872) Importer(815301076,1909f56bfc062723c751e8b465ee728b)  -> (artifact id: '66b77ab2c59fb5d823b2d0e307a87e20') in 0.037920 seconds 
  Import took 0.042649 seconds .

========================================================================
Received Import Request.
  Time since last request: 0.000295 seconds.
  path: Assets/Models/YogurtKab.fbx
  artifactKey: Guid(40cf1fd1c5f854a4f8da91b6deae305f) Importer(815301076,1909f56bfc062723c751e8b465ee728b)
Start importing Assets/Models/YogurtKab.fbx using Guid(40cf1fd1c5f854a4f8da91b6deae305f) Importer(815301076,1909f56bfc062723c751e8b465ee728b)  -> (artifact id: 'c3d8e07b1d33d15b3bf4178396cefb48') in 0.039946 seconds 
  Import took 0.044178 seconds .

========================================================================
Received Import Request.
  Time since last request: 5.054822 seconds.
  path: Assets/Models/Zombie Death.fbx
  artifactKey: Guid(dc95a80d36341fe46be48d4feaf9478a) Importer(815301076,1909f56bfc062723c751e8b465ee728b)
Start importing Assets/Models/Zombie Death.fbx using Guid(dc95a80d36341fe46be48d4feaf9478a) Importer(815301076,1909f56bfc062723c751e8b465ee728b)  -> (artifact id: '8f03bdc5c662a0c9f4e16e22d3f66ad4') in 0.055593 seconds 
  Import took 0.060619 seconds .

========================================================================
Received Prepare
Registering precompiled user dll's ...
Registered in 0.007402 seconds.
Begin MonoManager ReloadAssembly
Native extension for WindowsStandalone target not found
Native extension for WebGL target not found
Refreshing native plugins compatible for Editor in 0.53 ms, found 2 plugins.
Preloading 0 native plugins for Editor in 0.00 ms.
Mono: successfully reloaded assembly
- Completed reload, in  1.750 seconds
Domain Reload Profiling:
	ReloadAssembly (1751ms)
		BeginReloadAssembly (202ms)
			ExecutionOrderSort (0ms)
			DisableScriptedObjects (8ms)
			BackupInstance (0ms)
			ReleaseScriptingObjects (0ms)
			CreateAndSetChildDomain (56ms)
		EndReloadAssembly (1446ms)
			LoadAssemblies (189ms)
			RebuildTransferFunctionScriptingTraits (0ms)
			SetupTypeCache (486ms)
			ReleaseScriptCaches (1ms)
			RebuildScriptCaches (63ms)
			SetupLoadedEditorAssemblies (557ms)
				LogAssemblyErrors (0ms)
				InitializePlatformSupportModulesInManaged (11ms)
				SetLoadedEditorAssemblies (1ms)
				RefreshPlugins (1ms)
				BeforeProcessingInitializeOnLoad (141ms)
				ProcessInitializeOnLoadAttributes (381ms)
				ProcessInitializeOnLoadMethodAttributes (16ms)
				AfterProcessingInitializeOnLoad (6ms)
				EditorAssembliesLoaded (0ms)
			ExecutionOrderSort2 (0ms)
			AwakeInstancesAfterBackupRestoration (14ms)
Platform modules already initialized, skipping
Refreshing native plugins compatible for Editor in 0.68 ms, found 2 plugins.
Preloading 0 native plugins for Editor in 0.00 ms.
Unloading 1672 Unused Serialized files (Serialized files now loaded: 0)
System memory in use before: 91.8 MB.
System memory in use after: 91.7 MB.

Unloading 18 unused Assets to reduce memory usage. Loaded Objects now: 2172.
Total: 3.942600 ms (FindLiveObjects: 0.203500 ms CreateObjectMapping: 0.095400 ms MarkObjects: 3.486400 ms  DeleteObjects: 0.156300 ms)

AssetImportParameters requested are different than current active one (requested -> active):
  custom:framework-win-MediaFoundation: 216162199b28c13a410421893ffa2e32 -> 
  custom:video-decoder-ogg-theora: a1e56fd34408186e4bbccfd4996cb3dc -> 
  custom:container-muxer-webm: aa71ff27fc2769a1b78a27578f13a17b -> 
  custom:container-demuxer-webm: 4f35f7cbe854078d1ac9338744f61a02 -> 
  custom:container-demuxer-ogg: 62fdf1f143b41e24485cea50d1cbac27 -> 
  custom:video-encoder-webm-vp8: eb34c28f22e8b96e1ab97ce403110664 -> 
  custom:video-decoder-webm-vp8: 9c59270c3fd7afecdb556c50c9e8de78 -> 
  custom:audio-decoder-ogg-vorbis: bf7c407c2cedff20999df2af8eb42d56 -> 
  custom:audio-encoder-webm-vorbis: bf7c407c2cedff20999df2af8eb42d56 -> 
========================================================================
Received Import Request.
  Time since last request: 12.795787 seconds.
  path: Assets/Models/Materials/Vampire_diffuse.mat
  artifactKey: Guid(90f2e0e660b56d54886ae867c9ff7d7c) Importer(815301076,1909f56bfc062723c751e8b465ee728b)
Start importing Assets/Models/Materials/Vampire_diffuse.mat using Guid(90f2e0e660b56d54886ae867c9ff7d7c) Importer(815301076,1909f56bfc062723c751e8b465ee728b)  -> (artifact id: '65d9fc6388b8a4eae2276dbbd6596e3a') in 0.093598 seconds 
  Import took 0.097770 seconds .

========================================================================
Received Import Request.
  Time since last request: 0.000290 seconds.
  path: Assets/Models/Materials/Material #36.mat
  artifactKey: Guid(0a466acdd8429094abef4e49901d17d0) Importer(815301076,1909f56bfc062723c751e8b465ee728b)
Start importing Assets/Models/Materials/Material #36.mat using Guid(0a466acdd8429094abef4e49901d17d0) Importer(815301076,1909f56bfc062723c751e8b465ee728b)  -> (artifact id: '927c34d6955d2f7276d0259b4acd0256') in 0.034031 seconds 
  Import took 0.038092 seconds .

========================================================================
Received Import Request.
  Time since last request: 0.000297 seconds.
  path: Assets/Models/Materials/No Name.mat
  artifactKey: Guid(92b1496e6a8dcbe4aa32a6d408b91efe) Importer(815301076,1909f56bfc062723c751e8b465ee728b)
Start importing Assets/Models/Materials/No Name.mat using Guid(92b1496e6a8dcbe4aa32a6d408b91efe) Importer(815301076,1909f56bfc062723c751e8b465ee728b)  -> (artifact id: 'a33f9e5924b99e7732e0c1a35eef112f') in 0.022439 seconds 
  Import took 0.027846 seconds .

========================================================================
Received Import Request.
  Time since last request: 0.000242 seconds.
  path: Assets/Models/Materials
  artifactKey: Guid(912ac62897d47814ba217c7c6ec45b4c) Importer(815301076,1909f56bfc062723c751e8b465ee728b)
Start importing Assets/Models/Materials using Guid(912ac62897d47814ba217c7c6ec45b4c) Importer(815301076,1909f56bfc062723c751e8b465ee728b)  -> (artifact id: '27c2c2dd8536adf424037e6e9d65d8ff') in 0.009337 seconds 
  Import took 0.015100 seconds .

========================================================================
Received Import Request.
  Time since last request: 0.000312 seconds.
  path: Assets/Models/Materials/gnv4Q.mat
  artifactKey: Guid(af37821a848238c41b3f641bdc1da825) Importer(815301076,1909f56bfc062723c751e8b465ee728b)
Start importing Assets/Models/Materials/gnv4Q.mat using Guid(af37821a848238c41b3f641bdc1da825) Importer(815301076,1909f56bfc062723c751e8b465ee728b)  -> (artifact id: 'e35a4e61cc505a58658704912334e114') in 0.019217 seconds 
  Import took 0.024478 seconds .

========================================================================
Received Import Request.
  Time since last request: 0.000277 seconds.
  path: Assets/Models/Materials/02 - Default.mat
  artifactKey: Guid(bb5fd739cb1d0e64fa7e984801201a23) Importer(815301076,1909f56bfc062723c751e8b465ee728b)
Start importing Assets/Models/Materials/02 - Default.mat using Guid(bb5fd739cb1d0e64fa7e984801201a23) Importer(815301076,1909f56bfc062723c751e8b465ee728b)  -> (artifact id: 'ea26258c018cc2beb114da8722c73b5e') in 0.019993 seconds 
  Import took 0.025291 seconds .

========================================================================
Received Import Request.
  Time since last request: 3.389021 seconds.
  path: Assets/Materials/Background.mat
  artifactKey: Guid(822c91e5c0bf066458abd2f495dac789) Importer(815301076,1909f56bfc062723c751e8b465ee728b)
Start importing Assets/Materials/Background.mat using Guid(822c91e5c0bf066458abd2f495dac789) Importer(815301076,1909f56bfc062723c751e8b465ee728b)  -> (artifact id: '99c280407c9efbb091d414e36e25ef4c') in 0.038719 seconds 
  Import took 0.043123 seconds .

========================================================================
Received Import Request.
  Time since last request: 0.000336 seconds.
  path: Assets/Materials/Pink.mat
  artifactKey: Guid(f7f9003a6d92bf743baf35dc73dfe3e3) Importer(815301076,1909f56bfc062723c751e8b465ee728b)
Start importing Assets/Materials/Pink.mat using Guid(f7f9003a6d92bf743baf35dc73dfe3e3) Importer(815301076,1909f56bfc062723c751e8b465ee728b)  -> (artifact id: '273c9069ea5f5ea9e9fde7c9984e3a28') in 0.175601 seconds 
  Import took 0.179848 seconds .

========================================================================
Received Import Request.
  Time since last request: 0.000306 seconds.
  path: Assets/Materials/Black.mat
  artifactKey: Guid(70bacce04ae75384791bd40a44b303cb) Importer(815301076,1909f56bfc062723c751e8b465ee728b)
Start importing Assets/Materials/Black.mat using Guid(70bacce04ae75384791bd40a44b303cb) Importer(815301076,1909f56bfc062723c751e8b465ee728b)  -> (artifact id: '1a645b60f38fa1df5ab97a5afdea687c') in 0.018121 seconds 
  Import took 0.023224 seconds .

========================================================================
Received Import Request.
  Time since last request: 0.000311 seconds.
  path: Assets/Materials/DarkGreen.mat
  artifactKey: Guid(7c567c31ae271054d968680980cce1d3) Importer(815301076,1909f56bfc062723c751e8b465ee728b)
Start importing Assets/Materials/DarkGreen.mat using Guid(7c567c31ae271054d968680980cce1d3) Importer(815301076,1909f56bfc062723c751e8b465ee728b)  -> (artifact id: '15f40a7ba4cce667aa468051cf3004dd') in 0.022483 seconds 
  Import took 0.027308 seconds .

========================================================================
Received Import Request.
  Time since last request: 0.000350 seconds.
  path: Assets/Materials/LightOrange.mat
  artifactKey: Guid(5355ead2eb1153b408481d8254f55018) Importer(815301076,1909f56bfc062723c751e8b465ee728b)
Start importing Assets/Materials/LightOrange.mat using Guid(5355ead2eb1153b408481d8254f55018) Importer(815301076,1909f56bfc062723c751e8b465ee728b)  -> (artifact id: '520589d72377578f5fdb50d236e79191') in 0.021979 seconds 
  Import took 0.027449 seconds .

========================================================================
Received Import Request.
  Time since last request: 0.000429 seconds.
  path: Assets/Materials/Red.mat
  artifactKey: Guid(e21dceed378551e49845adc7b85e8073) Importer(815301076,1909f56bfc062723c751e8b465ee728b)
Start importing Assets/Materials/Red.mat using Guid(e21dceed378551e49845adc7b85e8073) Importer(815301076,1909f56bfc062723c751e8b465ee728b)  -> (artifact id: 'cbf2727cadbe6391ace4bc2baac45bc3') in 0.017891 seconds 
  Import took 0.022924 seconds .

========================================================================
Received Import Request.
  Time since last request: 0.000341 seconds.
  path: Assets/Materials/DarkOrange.mat
  artifactKey: Guid(7dceca424d810bd43a2882961c9dfddd) Importer(815301076,1909f56bfc062723c751e8b465ee728b)
Start importing Assets/Materials/DarkOrange.mat using Guid(7dceca424d810bd43a2882961c9dfddd) Importer(815301076,1909f56bfc062723c751e8b465ee728b)  -> (artifact id: '76ef451bfa2fb46365b2cccce4d5a4f1') in 0.020652 seconds 
  Import took 0.026115 seconds .

========================================================================
Received Import Request.
  Time since last request: 0.000319 seconds.
  path: Assets/Materials/Terrain.mat
  artifactKey: Guid(efd60196a2320e44b96abc67ef4925cd) Importer(815301076,1909f56bfc062723c751e8b465ee728b)
Start importing Assets/Materials/Terrain.mat using Guid(efd60196a2320e44b96abc67ef4925cd) Importer(815301076,1909f56bfc062723c751e8b465ee728b)  -> (artifact id: '4e1de05096aa05621a970b34870805f7') in 0.119069 seconds 
  Import took 0.124111 seconds .

========================================================================
Received Import Request.
  Time since last request: 0.000315 seconds.
  path: Assets/Materials/Green.mat
  artifactKey: Guid(05c2e2abbf8301c4c8d0b27cea2120e7) Importer(815301076,1909f56bfc062723c751e8b465ee728b)
Start importing Assets/Materials/Green.mat using Guid(05c2e2abbf8301c4c8d0b27cea2120e7) Importer(815301076,1909f56bfc062723c751e8b465ee728b)  -> (artifact id: '312e005c35c1be96df413b8e6e9b4b95') in 0.023101 seconds 
  Import took 0.027206 seconds .

========================================================================
Received Import Request.
  Time since last request: 0.000285 seconds.
  path: Assets/Materials/Blue.mat
  artifactKey: Guid(e79b6014b78e18b4089f34922f1f2962) Importer(815301076,1909f56bfc062723c751e8b465ee728b)
Start importing Assets/Materials/Blue.mat using Guid(e79b6014b78e18b4089f34922f1f2962) Importer(815301076,1909f56bfc062723c751e8b465ee728b)  -> (artifact id: '596182fc5b72996653d0d5e925461e47') in 0.019881 seconds 
  Import took 0.024212 seconds .

========================================================================
Received Import Request.
  Time since last request: 0.000372 seconds.
  path: Assets/Materials/Ball.mat
  artifactKey: Guid(5f920b11a26345848852ff631d821ed3) Importer(815301076,1909f56bfc062723c751e8b465ee728b)
Start importing Assets/Materials/Ball.mat using Guid(5f920b11a26345848852ff631d821ed3) Importer(815301076,1909f56bfc062723c751e8b465ee728b)  -> (artifact id: '806e5a1ac6fc4efe4b2a585fe9da6174') in 0.022103 seconds 
  Import took 0.026819 seconds .

========================================================================
Received Import Request.
  Time since last request: 0.000280 seconds.
  path: Assets/Materials/Gray.mat
  artifactKey: Guid(37465d7a04dbff54e8c942eaaf91ca0e) Importer(815301076,1909f56bfc062723c751e8b465ee728b)
Start importing Assets/Materials/Gray.mat using Guid(37465d7a04dbff54e8c942eaaf91ca0e) Importer(815301076,1909f56bfc062723c751e8b465ee728b)  -> (artifact id: 'c13812ee56c01869fbf7dfc68b9aa473') in 0.018884 seconds 
  Import took 0.023589 seconds .

========================================================================
Received Import Request.
  Time since last request: 0.000489 seconds.
  path: Assets/Materials/Player.mat
  artifactKey: Guid(1d0b6e8d1b6c76f46b56453cf29a024a) Importer(815301076,1909f56bfc062723c751e8b465ee728b)
Start importing Assets/Materials/Player.mat using Guid(1d0b6e8d1b6c76f46b56453cf29a024a) Importer(815301076,1909f56bfc062723c751e8b465ee728b)  -> (artifact id: '3a1b6f3bd60a3dfc4db8cc50faefc3ad') in 0.027106 seconds 
  Import took 0.032221 seconds .

========================================================================
Received Import Request.
  Time since last request: 0.000290 seconds.
  path: Assets/Materials/Floor2.mat
  artifactKey: Guid(9ad0bef2b8e310a4692139a32af67ee8) Importer(815301076,1909f56bfc062723c751e8b465ee728b)
Start importing Assets/Materials/Floor2.mat using Guid(9ad0bef2b8e310a4692139a32af67ee8) Importer(815301076,1909f56bfc062723c751e8b465ee728b)  -> (artifact id: '663770ce8ed88041bfb87612d3003cb5') in 0.019692 seconds 
  Import took 0.024528 seconds .

========================================================================
Received Import Request.
  Time since last request: 0.000304 seconds.
  path: Assets/Materials/Dark Gray.mat
  artifactKey: Guid(6c7d0328369555f4ebf34854a0a0a164) Importer(815301076,1909f56bfc062723c751e8b465ee728b)
Start importing Assets/Materials/Dark Gray.mat using Guid(6c7d0328369555f4ebf34854a0a0a164) Importer(815301076,1909f56bfc062723c751e8b465ee728b)  -> (artifact id: 'a8977f32d035d7e0900d70ca94e52d4d') in 0.021113 seconds 
  Import took 0.025488 seconds .

========================================================================
Received Import Request.
  Time since last request: 0.000374 seconds.
  path: Assets/Materials/Orange.mat
  artifactKey: Guid(3f56574abd50aa04388e68f54e7f8ee2) Importer(815301076,1909f56bfc062723c751e8b465ee728b)
Start importing Assets/Materials/Orange.mat using Guid(3f56574abd50aa04388e68f54e7f8ee2) Importer(815301076,1909f56bfc062723c751e8b465ee728b)  -> (artifact id: '2520f6766abbd47cd0efa96649b7f268') in 0.019858 seconds 
  Import took 0.025102 seconds .

========================================================================
Received Import Request.
  Time since last request: 0.000264 seconds.
  path: Assets/Materials/Sky.mat
  artifactKey: Guid(562c7634e8d112a4899986472e2f617c) Importer(815301076,1909f56bfc062723c751e8b465ee728b)
Start importing Assets/Materials/Sky.mat using Guid(562c7634e8d112a4899986472e2f617c) Importer(815301076,1909f56bfc062723c751e8b465ee728b)  -> (artifact id: '36de3e4a4c18d84c1e7e704fdbdd3baf') in 0.019120 seconds 
  Import took 0.023721 seconds .

========================================================================
Received Import Request.
  Time since last request: 0.000391 seconds.
  path: Assets/Materials/Dark Red.mat
  artifactKey: Guid(801b1ec1807704642805068c55d32b9f) Importer(815301076,1909f56bfc062723c751e8b465ee728b)
Start importing Assets/Materials/Dark Red.mat using Guid(801b1ec1807704642805068c55d32b9f) Importer(815301076,1909f56bfc062723c751e8b465ee728b)  -> (artifact id: '5c44da246cb32d7d8d8ff829909e94c4') in 0.018049 seconds 
  Import took 0.023003 seconds .

========================================================================
Received Import Request.
  Time since last request: 0.563566 seconds.
  path: Assets/Materials/Trail.mat
  artifactKey: Guid(6f772e62896dff44781d6b30a6f5d65d) Importer(815301076,1909f56bfc062723c751e8b465ee728b)
Start importing Assets/Materials/Trail.mat using Guid(6f772e62896dff44781d6b30a6f5d65d) Importer(815301076,1909f56bfc062723c751e8b465ee728b)  -> (artifact id: '610c70ff6b09a4428304c263063d53e4') in 0.344973 seconds 
  Import took 0.349174 seconds .

========================================================================
Received Import Request.
  Time since last request: 0.000354 seconds.
  path: Assets/Materials/TransparentBlue.mat
  artifactKey: Guid(e7d2d6865e387924da559c9b3937c5b8) Importer(815301076,1909f56bfc062723c751e8b465ee728b)
Start importing Assets/Materials/TransparentBlue.mat using Guid(e7d2d6865e387924da559c9b3937c5b8) Importer(815301076,1909f56bfc062723c751e8b465ee728b)  -> (artifact id: '4a1cc5ac23cfc2565d287cd6b33d541e') in 0.190287 seconds 
  Import took 0.195306 seconds .

========================================================================
Received Import Request.
  Time since last request: 0.000380 seconds.
  path: Assets/Materials/TransparentRed.mat
  artifactKey: Guid(313fd4237caa47d4a81b5bd49713e056) Importer(815301076,1909f56bfc062723c751e8b465ee728b)
Start importing Assets/Materials/TransparentRed.mat using Guid(313fd4237caa47d4a81b5bd49713e056) Importer(815301076,1909f56bfc062723c751e8b465ee728b)  -> (artifact id: '73eb34ac653b77335cd80460a19c188d') in 0.019697 seconds 
  Import took 0.024011 seconds .

========================================================================
Received Import Request.
  Time since last request: 0.000338 seconds.
  path: Assets/Materials/White.mat
  artifactKey: Guid(4d74a93ef14491b4bb3b68ac5b70aa7b) Importer(815301076,1909f56bfc062723c751e8b465ee728b)
Start importing Assets/Materials/White.mat using Guid(4d74a93ef14491b4bb3b68ac5b70aa7b) Importer(815301076,1909f56bfc062723c751e8b465ee728b)  -> (artifact id: '7a97dc0974f35fedc375e3715dd89fe0') in 0.020202 seconds 
  Import took 0.025277 seconds .

========================================================================
Received Import Request.
  Time since last request: 0.000294 seconds.
  path: Assets/Materials/TransparentGreen.mat
  artifactKey: Guid(0926bd35e1de51c40becb260fdbdfbb0) Importer(815301076,1909f56bfc062723c751e8b465ee728b)
Start importing Assets/Materials/TransparentGreen.mat using Guid(0926bd35e1de51c40becb260fdbdfbb0) Importer(815301076,1909f56bfc062723c751e8b465ee728b)  -> (artifact id: '37c3d24999bbe13bc1823ac27d3a36df') in 0.019639 seconds 
  Import took 0.024666 seconds .

========================================================================
Received Import Request.
  Time since last request: 0.000340 seconds.
  path: Assets/Materials/ww.mat
  artifactKey: Guid(622c6e9e9cf9bb541a8ad72ffc86a21d) Importer(815301076,1909f56bfc062723c751e8b465ee728b)
Start importing Assets/Materials/ww.mat using Guid(622c6e9e9cf9bb541a8ad72ffc86a21d) Importer(815301076,1909f56bfc062723c751e8b465ee728b)  -> (artifact id: '18fdf7ff149f0b28286d4d33c738da72') in 0.019156 seconds 
  Import took 0.025730 seconds .

========================================================================
Received Import Request.
  Time since last request: 0.000317 seconds.
  path: Assets/Materials/ww 1.mat
  artifactKey: Guid(dd77023647902fe488510ba2ab5f6475) Importer(815301076,1909f56bfc062723c751e8b465ee728b)
Start importing Assets/Materials/ww 1.mat using Guid(dd77023647902fe488510ba2ab5f6475) Importer(815301076,1909f56bfc062723c751e8b465ee728b)  -> (artifact id: '3bcc703d1b8f4910a2aa90243b5af4ff') in 0.019632 seconds 
  Import took 0.024193 seconds .

========================================================================
Received Import Request.
  Time since last request: 0.000325 seconds.
  path: Assets/Materials/TransparentOrange.mat
  artifactKey: Guid(f772ff8da97c623419ab261372ff5c7e) Importer(815301076,1909f56bfc062723c751e8b465ee728b)
Start importing Assets/Materials/TransparentOrange.mat using Guid(f772ff8da97c623419ab261372ff5c7e) Importer(815301076,1909f56bfc062723c751e8b465ee728b)  -> (artifact id: 'dc91b202471f73278746c45dcef70468') in 0.024560 seconds 
  Import took 0.029053 seconds .

========================================================================
Received Import Request.
  Time since last request: 3.083871 seconds.
  path: Assets/Materials/DiffuseColorSurface.shader
  artifactKey: Guid(f263cedf4d7a1ba4497da6a463ff5248) Importer(815301076,1909f56bfc062723c751e8b465ee728b)
Start importing Assets/Materials/DiffuseColorSurface.shader using Guid(f263cedf4d7a1ba4497da6a463ff5248) Importer(815301076,1909f56bfc062723c751e8b465ee728b)  -> (artifact id: '5bb0568c8bb593e3ca8cebd55b41ae8b') in 0.011552 seconds 
  Import took 0.016008 seconds .

========================================================================
Received Import Request.
  Time since last request: 2.224879 seconds.
  path: Assets/Prefabs/Arrow.prefab
  artifactKey: Guid(da8256af359b501449d9f52f40d64086) Importer(815301076,1909f56bfc062723c751e8b465ee728b)
Start importing Assets/Prefabs/Arrow.prefab using Guid(da8256af359b501449d9f52f40d64086) Importer(815301076,1909f56bfc062723c751e8b465ee728b)  -> (artifact id: 'd6edd4a5285d4ffce8d51435944bb153') in 0.040591 seconds 
  Import took 0.045722 seconds .

========================================================================
Received Import Request.
  Time since last request: 0.000396 seconds.
  path: Assets/Prefabs/Diamond.prefab
  artifactKey: Guid(8f7110fe2c862ff4b95d1ac13d17e0d5) Importer(815301076,1909f56bfc062723c751e8b465ee728b)
Start importing Assets/Prefabs/Diamond.prefab using Guid(8f7110fe2c862ff4b95d1ac13d17e0d5) Importer(815301076,1909f56bfc062723c751e8b465ee728b)  -> (artifact id: '9b77a3ef996e8a2b0ae211e1820c7dfd') in 0.011115 seconds 
  Import took 0.015560 seconds .

========================================================================
Received Import Request.
  Time since last request: 0.000390 seconds.
  path: Assets/Prefabs/MinusGate.prefab
  artifactKey: Guid(45d8be2dbe99796429a0ec2d1d80add8) Importer(815301076,1909f56bfc062723c751e8b465ee728b)
Start importing Assets/Prefabs/MinusGate.prefab using Guid(45d8be2dbe99796429a0ec2d1d80add8) Importer(815301076,1909f56bfc062723c751e8b465ee728b)  -> (artifact id: 'fa4637773ab04c1f7745073cfa247a7b') in 0.052760 seconds 
  Import took 0.058542 seconds .

========================================================================
Received Import Request.
  Time since last request: 0.000363 seconds.
  path: Assets/Prefabs/Managers(ui_included).prefab
  artifactKey: Guid(ab9bbdb46c373a54c9f93a9b5f3710ff) Importer(815301076,1909f56bfc062723c751e8b465ee728b)
Start importing Assets/Prefabs/Managers(ui_included).prefab using Guid(ab9bbdb46c373a54c9f93a9b5f3710ff) Importer(815301076,1909f56bfc062723c751e8b465ee728b)  -> (artifact id: '3cec6a5e2e3b8ffb068628b65ec7a78c') in 0.042425 seconds 
  Import took 0.047461 seconds .

========================================================================
Received Import Request.
  Time since last request: 0.000262 seconds.
  path: Assets/Prefabs/Ball.prefab
  artifactKey: Guid(e636a0e0b5176a44e9c8677d8347a7e2) Importer(815301076,1909f56bfc062723c751e8b465ee728b)
Start importing Assets/Prefabs/Ball.prefab using Guid(e636a0e0b5176a44e9c8677d8347a7e2) Importer(815301076,1909f56bfc062723c751e8b465ee728b)  -> (artifact id: 'f5e041d3d52f3779c48a722b2475d39f') in 0.026615 seconds 
  Import took 0.031787 seconds .

========================================================================
Received Import Request.
  Time since last request: 0.000266 seconds.
  path: Assets/Prefabs/Cube (1) 1.prefab
  artifactKey: Guid(02629468d1c0aa543811875fffc68950) Importer(815301076,1909f56bfc062723c751e8b465ee728b)
Start importing Assets/Prefabs/Cube (1) 1.prefab using Guid(02629468d1c0aa543811875fffc68950) Importer(815301076,1909f56bfc062723c751e8b465ee728b)  -> (artifact id: '545e30fdb12a76ffc7ea956d1bb39d05') in 0.010280 seconds 
  Import took 0.015532 seconds .

========================================================================
Received Import Request.
  Time since last request: 0.000283 seconds.
  path: Assets/Prefabs/DivisionGate.prefab
  artifactKey: Guid(9185027182e0a9c49a2a9ff71be6bcc1) Importer(815301076,1909f56bfc062723c751e8b465ee728b)
Start importing Assets/Prefabs/DivisionGate.prefab using Guid(9185027182e0a9c49a2a9ff71be6bcc1) Importer(815301076,1909f56bfc062723c751e8b465ee728b)  -> (artifact id: '893e1eb33f58c393d3ea4e459e5b6498') in 0.021045 seconds 
  Import took 0.025778 seconds .

========================================================================
Received Import Request.
  Time since last request: 0.000287 seconds.
  path: Assets/Prefabs/Card.prefab
  artifactKey: Guid(37e2fb2298e87d64197337f18bad4003) Importer(815301076,1909f56bfc062723c751e8b465ee728b)
Start importing Assets/Prefabs/Card.prefab using Guid(37e2fb2298e87d64197337f18bad4003) Importer(815301076,1909f56bfc062723c751e8b465ee728b)  -> (artifact id: '936de3364f89f3fbf7d7270a43b700c0') in 0.018779 seconds 
  Import took 0.024004 seconds .

========================================================================
Received Import Request.
  Time since last request: 0.000306 seconds.
  path: Assets/Prefabs/Follower.prefab
  artifactKey: Guid(b64f23430fdb6174fad6968d9a9132cd) Importer(815301076,1909f56bfc062723c751e8b465ee728b)
Start importing Assets/Prefabs/Follower.prefab using Guid(b64f23430fdb6174fad6968d9a9132cd) Importer(815301076,1909f56bfc062723c751e8b465ee728b)  -> (artifact id: 'd0179108d6fb9d189bec141239c337ef') in 0.021018 seconds 
  Import took 0.025555 seconds .

========================================================================
Received Import Request.
  Time since last request: 0.000277 seconds.
  path: Assets/Prefabs/Bot Tank 3.prefab
  artifactKey: Guid(2009c13a1e4641247bcb4310fcbb705f) Importer(815301076,1909f56bfc062723c751e8b465ee728b)
Start importing Assets/Prefabs/Bot Tank 3.prefab using Guid(2009c13a1e4641247bcb4310fcbb705f) Importer(815301076,1909f56bfc062723c751e8b465ee728b)  -> (artifact id: '187bf8d046a771d5a992740e3ec6305d') in 0.012105 seconds 
  Import took 0.016235 seconds .

========================================================================
Received Import Request.
  Time since last request: 0.000283 seconds.
  path: Assets/Prefabs/Bot Tank 1.prefab
  artifactKey: Guid(3c66b3238413e6147b6a8dbbe944a21a) Importer(815301076,1909f56bfc062723c751e8b465ee728b)
Start importing Assets/Prefabs/Bot Tank 1.prefab using Guid(3c66b3238413e6147b6a8dbbe944a21a) Importer(815301076,1909f56bfc062723c751e8b465ee728b)  -> (artifact id: 'ff9c4eeb9d6ec25538cbd64c002a260f') in 0.011345 seconds 
  Import took 0.016224 seconds .

========================================================================
Received Import Request.
  Time since last request: 0.000259 seconds.
  path: Assets/Prefabs/Level (1).prefab
  artifactKey: Guid(2a0b7f6bf203ab74e841ebd691da3bbc) Importer(815301076,1909f56bfc062723c751e8b465ee728b)
Start importing Assets/Prefabs/Level (1).prefab using Guid(2a0b7f6bf203ab74e841ebd691da3bbc) Importer(815301076,1909f56bfc062723c751e8b465ee728b)  -> (artifact id: 'ce025821e40c1fec87d5614f9db1b5e9') in 0.026268 seconds 
  Import took 0.030590 seconds .

========================================================================
Received Import Request.
  Time since last request: 0.000288 seconds.
  path: Assets/Prefabs/Bot Tank 2.prefab
  artifactKey: Guid(318cf6da46d7ba7468475fb429389e1a) Importer(815301076,1909f56bfc062723c751e8b465ee728b)
Start importing Assets/Prefabs/Bot Tank 2.prefab using Guid(318cf6da46d7ba7468475fb429389e1a) Importer(815301076,1909f56bfc062723c751e8b465ee728b)  -> (artifact id: '01933bca772e066ca420bdb68073401b') in 0.011462 seconds 
  Import took 0.015997 seconds .

========================================================================
Received Import Request.
  Time since last request: 0.000274 seconds.
  path: Assets/Prefabs/Managers.prefab
  artifactKey: Guid(3f9756046c7b0cc44bf8bdf5eb34ccac) Importer(815301076,1909f56bfc062723c751e8b465ee728b)
Start importing Assets/Prefabs/Managers.prefab using Guid(3f9756046c7b0cc44bf8bdf5eb34ccac) Importer(815301076,1909f56bfc062723c751e8b465ee728b)  -> (artifact id: 'd6d585b37a50ea9333fa91a8ff1c0bc9') in 0.013000 seconds 
  Import took 0.017597 seconds .

========================================================================
Received Import Request.
  Time since last request: 0.000293 seconds.
  path: Assets/Prefabs/Enemy.prefab
  artifactKey: Guid(8c42c10d5241f2946b9eca14f70e3da5) Importer(815301076,1909f56bfc062723c751e8b465ee728b)
Start importing Assets/Prefabs/Enemy.prefab using Guid(8c42c10d5241f2946b9eca14f70e3da5) Importer(815301076,1909f56bfc062723c751e8b465ee728b)  -> (artifact id: '0083e365335e9870d779ee63b113b114') in 0.019466 seconds 
  Import took 0.025434 seconds .

========================================================================
Received Import Request.
  Time since last request: 0.000294 seconds.
  path: Assets/Prefabs/Blood_Drop.prefab
  artifactKey: Guid(2136e3bb19f5a7247a4907eaabe28bca) Importer(815301076,1909f56bfc062723c751e8b465ee728b)
Start importing Assets/Prefabs/Blood_Drop.prefab using Guid(2136e3bb19f5a7247a4907eaabe28bca) Importer(815301076,1909f56bfc062723c751e8b465ee728b)  -> (artifact id: '357a83745bed2be70d970222051b5a81') in 0.010788 seconds 
  Import took 0.016289 seconds .

========================================================================
Received Import Request.
  Time since last request: 0.000311 seconds.
  path: Assets/Prefabs/Collectible.prefab
  artifactKey: Guid(3379256dd49c776469ad882147b9386f) Importer(815301076,1909f56bfc062723c751e8b465ee728b)
Start importing Assets/Prefabs/Collectible.prefab using Guid(3379256dd49c776469ad882147b9386f) Importer(815301076,1909f56bfc062723c751e8b465ee728b)  -> (artifact id: '77dc68fd83fcca02deeafbfd874cfcff') in 0.020937 seconds 
  Import took 0.026850 seconds .

========================================================================
Received Import Request.
  Time since last request: 9.832831 seconds.
  path: Assets/Prefabs/AmazonCargo
  artifactKey: Guid(9784ccae09e99f241a376ea938762494) Importer(815301076,1909f56bfc062723c751e8b465ee728b)
Start importing Assets/Prefabs/AmazonCargo using Guid(9784ccae09e99f241a376ea938762494) Importer(815301076,1909f56bfc062723c751e8b465ee728b)  -> (artifact id: '770b39f1b6d7c11429072af0c7c72cec') in 0.008415 seconds 
  Import took 0.013668 seconds .

========================================================================
Received Import Request.
  Time since last request: 10.783053 seconds.
  path: Assets/Prefabs/MultiplyGate.prefab
  artifactKey: Guid(8276c46c36b17c54e849321672367224) Importer(815301076,1909f56bfc062723c751e8b465ee728b)
Start importing Assets/Prefabs/MultiplyGate.prefab using Guid(8276c46c36b17c54e849321672367224) Importer(815301076,1909f56bfc062723c751e8b465ee728b)  -> (artifact id: '9624a10f7caa3f8f1d2366ee23b73d4b') in 0.034067 seconds 
  Import took 0.039359 seconds .

========================================================================
Received Import Request.
  Time since last request: 0.000258 seconds.
  path: Assets/Prefabs/Obstacle.prefab
  artifactKey: Guid(a218d51e0696bb64fa1ae84a771cb3ff) Importer(815301076,1909f56bfc062723c751e8b465ee728b)
Start importing Assets/Prefabs/Obstacle.prefab using Guid(a218d51e0696bb64fa1ae84a771cb3ff) Importer(815301076,1909f56bfc062723c751e8b465ee728b)  -> (artifact id: '66d30ea16121f2adca7cd2dd97a8349b') in 0.030933 seconds 
  Import took 0.036443 seconds .

========================================================================
Received Import Request.
  Time since last request: 0.000316 seconds.
  path: Assets/Prefabs/Player.prefab
  artifactKey: Guid(175acf16e565eb84a9437dfef1976498) Importer(815301076,1909f56bfc062723c751e8b465ee728b)
Start importing Assets/Prefabs/Player.prefab using Guid(175acf16e565eb84a9437dfef1976498) Importer(815301076,1909f56bfc062723c751e8b465ee728b)  -> (artifact id: '81b73dabfb27d2b99eddc347529d3ec2') in 0.028889 seconds 
  Import took 0.034776 seconds .

========================================================================
Received Import Request.
  Time since last request: 0.000312 seconds.
  path: Assets/Prefabs/PlusGate.prefab
  artifactKey: Guid(1cb0f2b38e276d442b77cae6fc991e0a) Importer(815301076,1909f56bfc062723c751e8b465ee728b)
Start importing Assets/Prefabs/PlusGate.prefab using Guid(1cb0f2b38e276d442b77cae6fc991e0a) Importer(815301076,1909f56bfc062723c751e8b465ee728b)  -> (artifact id: '5f6e515c1f1ae5be340f2f80932ef051') in 0.028070 seconds 
  Import took 0.033790 seconds .

========================================================================
Received Import Request.
  Time since last request: 0.000361 seconds.
  path: Assets/Prefabs/Soldier.prefab
  artifactKey: Guid(01d8b515660419541ab319a8dc2bbddc) Importer(815301076,1909f56bfc062723c751e8b465ee728b)
Start importing Assets/Prefabs/Soldier.prefab using Guid(01d8b515660419541ab319a8dc2bbddc) Importer(815301076,1909f56bfc062723c751e8b465ee728b)  -> (artifact id: '1824ce568344e7773f0110e56bf7fa21') in 0.027327 seconds 
  Import took 0.033335 seconds .

========================================================================
Received Import Request.
  Time since last request: 0.000332 seconds.
  path: Assets/Prefabs/Sphere 1.prefab
  artifactKey: Guid(cbd5118c903de054583c1f0fbd8155e0) Importer(815301076,1909f56bfc062723c751e8b465ee728b)
Start importing Assets/Prefabs/Sphere 1.prefab using Guid(cbd5118c903de054583c1f0fbd8155e0) Importer(815301076,1909f56bfc062723c751e8b465ee728b)  -> (artifact id: 'e51e7763634c524ae610941e16d69bb0') in 0.023837 seconds 
  Import took 0.030183 seconds .

========================================================================
Received Import Request.
  Time since last request: 0.000344 seconds.
  path: Assets/Prefabs/Sphere.prefab
  artifactKey: Guid(86c094e315923704ca7d3b6b346aa9e7) Importer(815301076,1909f56bfc062723c751e8b465ee728b)
Start importing Assets/Prefabs/Sphere.prefab using Guid(86c094e315923704ca7d3b6b346aa9e7) Importer(815301076,1909f56bfc062723c751e8b465ee728b)  -> (artifact id: 'eb191a9f4dd779bf0477ced4b57f37fa') in 0.029580 seconds 
  Import took 0.036496 seconds .

========================================================================
Received Import Request.
  Time since last request: 0.000262 seconds.
  path: Assets/Prefabs/UI.prefab
  artifactKey: Guid(8cd4880220ba8334193adedec9d35856) Importer(815301076,1909f56bfc062723c751e8b465ee728b)
Start importing Assets/Prefabs/UI.prefab using Guid(8cd4880220ba8334193adedec9d35856) Importer(815301076,1909f56bfc062723c751e8b465ee728b)  -> (artifact id: '7cf7e20eeacdd15acf826822e106002f') in 0.016116 seconds 
  Import took 0.022217 seconds .

========================================================================
Received Import Request.
  Time since last request: 0.000325 seconds.
  path: Assets/Prefabs/SM_DivisionGate.prefab
  artifactKey: Guid(a0d7e797807df81469c22f252455e368) Importer(815301076,1909f56bfc062723c751e8b465ee728b)
Start importing Assets/Prefabs/SM_DivisionGate.prefab using Guid(a0d7e797807df81469c22f252455e368) Importer(815301076,1909f56bfc062723c751e8b465ee728b)  -> (artifact id: 'f268c61c2d7ee6c7ba6bf117c3ee7485') in 0.028095 seconds 
  Import took 0.034893 seconds .

========================================================================
Received Import Request.
  Time since last request: 0.000343 seconds.
  path: Assets/Prefabs/SM_MultiplyGate.prefab
  artifactKey: Guid(5161414643d0a7443b56649029fd1a5b) Importer(815301076,1909f56bfc062723c751e8b465ee728b)
Start importing Assets/Prefabs/SM_MultiplyGate.prefab using Guid(5161414643d0a7443b56649029fd1a5b) Importer(815301076,1909f56bfc062723c751e8b465ee728b)  -> (artifact id: '7cc167c2317b50452c857e6ce9338b9d') in 0.037317 seconds 
  Import took 0.042485 seconds .

========================================================================
Received Import Request.
  Time since last request: 0.000303 seconds.
  path: Assets/Prefabs/PathFollow.prefab
  artifactKey: Guid(5bfd8f68a55fc274595cf7a5b7647f19) Importer(815301076,1909f56bfc062723c751e8b465ee728b)
Start importing Assets/Prefabs/PathFollow.prefab using Guid(5bfd8f68a55fc274595cf7a5b7647f19) Importer(815301076,1909f56bfc062723c751e8b465ee728b)  -> (artifact id: 'd718bc22b1608b73ff1989a8b595afb6') in 0.013121 seconds 
  Import took 0.021104 seconds .

========================================================================
Received Import Request.
  Time since last request: 92.921806 seconds.
  path: Assets/Prefabs/MinusGate.prefab
  artifactKey: Guid(45d8be2dbe99796429a0ec2d1d80add8) Importer(815301076,1909f56bfc062723c751e8b465ee728b)
Start importing Assets/Prefabs/MinusGate.prefab using Guid(45d8be2dbe99796429a0ec2d1d80add8) Importer(815301076,1909f56bfc062723c751e8b465ee728b)  -> (artifact id: 'cec23e5bafd555f8e70ad37493b8caf1') in 0.018096 seconds 
  Import took 0.023457 seconds .

========================================================================
Received Prepare
Registering precompiled user dll's ...
Registered in 0.005877 seconds.
Begin MonoManager ReloadAssembly
Native extension for WindowsStandalone target not found
Native extension for WebGL target not found
Refreshing native plugins compatible for Editor in 0.45 ms, found 2 plugins.
Preloading 0 native plugins for Editor in 0.00 ms.
Mono: successfully reloaded assembly
- Completed reload, in  1.420 seconds
Domain Reload Profiling:
	ReloadAssembly (1420ms)
		BeginReloadAssembly (151ms)
			ExecutionOrderSort (0ms)
			DisableScriptedObjects (6ms)
			BackupInstance (0ms)
			ReleaseScriptingObjects (0ms)
			CreateAndSetChildDomain (43ms)
		EndReloadAssembly (1181ms)
			LoadAssemblies (138ms)
			RebuildTransferFunctionScriptingTraits (0ms)
			SetupTypeCache (425ms)
			ReleaseScriptCaches (1ms)
			RebuildScriptCaches (63ms)
			SetupLoadedEditorAssemblies (436ms)
				LogAssemblyErrors (0ms)
				InitializePlatformSupportModulesInManaged (7ms)
				SetLoadedEditorAssemblies (1ms)
				RefreshPlugins (1ms)
				BeforeProcessingInitializeOnLoad (101ms)
				ProcessInitializeOnLoadAttributes (312ms)
				ProcessInitializeOnLoadMethodAttributes (12ms)
				AfterProcessingInitializeOnLoad (3ms)
				EditorAssembliesLoaded (0ms)
			ExecutionOrderSort2 (0ms)
			AwakeInstancesAfterBackupRestoration (9ms)
Platform modules already initialized, skipping
Refreshing native plugins compatible for Editor in 0.44 ms, found 2 plugins.
Preloading 0 native plugins for Editor in 0.00 ms.
Unloading 1673 Unused Serialized files (Serialized files now loaded: 0)
System memory in use before: 92.1 MB.
System memory in use after: 92.2 MB.

Unloading 18 unused Assets to reduce memory usage. Loaded Objects now: 2184.
Total: 3.989200 ms (FindLiveObjects: 0.176400 ms CreateObjectMapping: 0.072900 ms MarkObjects: 3.664300 ms  DeleteObjects: 0.074600 ms)

AssetImportParameters requested are different than current active one (requested -> active):
  custom:framework-win-MediaFoundation: 216162199b28c13a410421893ffa2e32 -> 
  custom:video-decoder-ogg-theora: a1e56fd34408186e4bbccfd4996cb3dc -> 
  custom:container-muxer-webm: aa71ff27fc2769a1b78a27578f13a17b -> 
  custom:container-demuxer-webm: 4f35f7cbe854078d1ac9338744f61a02 -> 
  custom:container-demuxer-ogg: 62fdf1f143b41e24485cea50d1cbac27 -> 
  custom:video-encoder-webm-vp8: eb34c28f22e8b96e1ab97ce403110664 -> 
  custom:video-decoder-webm-vp8: 9c59270c3fd7afecdb556c50c9e8de78 -> 
  custom:audio-decoder-ogg-vorbis: bf7c407c2cedff20999df2af8eb42d56 -> 
  custom:audio-encoder-webm-vorbis: bf7c407c2cedff20999df2af8eb42d56 -> 
========================================================================
Received Import Request.
  Time since last request: 59.214548 seconds.
  path: Assets/Prefabs/MinusGate.prefab
  artifactKey: Guid(45d8be2dbe99796429a0ec2d1d80add8) Importer(815301076,1909f56bfc062723c751e8b465ee728b)
Start importing Assets/Prefabs/MinusGate.prefab using Guid(45d8be2dbe99796429a0ec2d1d80add8) Importer(815301076,1909f56bfc062723c751e8b465ee728b)  -> (artifact id: '872698779f931e5ac316655cc40aa907') in 0.090709 seconds 
  Import took 0.095060 seconds .

========================================================================
Received Import Request.
  Time since last request: 74.496291 seconds.
  path: Assets/ShuffleMaster/CardController.cs
  artifactKey: Guid(f5a5d5c0b82705d45b70f364b0b9d77e) Importer(815301076,1909f56bfc062723c751e8b465ee728b)
Start importing Assets/ShuffleMaster/CardController.cs using Guid(f5a5d5c0b82705d45b70f364b0b9d77e) Importer(815301076,1909f56bfc062723c751e8b465ee728b)  -> (artifact id: 'fa7d27bdb9cdbdc8c742cee9fb88902b') in 0.011577 seconds 
  Import took 0.019396 seconds .

========================================================================
Received Import Request.
  Time since last request: 0.408917 seconds.
  path: Assets/ShuffleMaster/CardStack.cs
  artifactKey: Guid(c7bda3855b56a7a4fbc400f5b983750c) Importer(815301076,1909f56bfc062723c751e8b465ee728b)
Start importing Assets/ShuffleMaster/CardStack.cs using Guid(c7bda3855b56a7a4fbc400f5b983750c) Importer(815301076,1909f56bfc062723c751e8b465ee728b)  -> (artifact id: 'ebb9e7b498bfe1906979c2d87ed031b9') in 0.005602 seconds 
  Import took 0.009333 seconds .

========================================================================
Received Import Request.
  Time since last request: 1.355618 seconds.
  path: Assets/ShuffleMaster/CardTopDetector.cs
  artifactKey: Guid(727b876098879d8489b291e2732a3804) Importer(815301076,1909f56bfc062723c751e8b465ee728b)
Start importing Assets/ShuffleMaster/CardTopDetector.cs using Guid(727b876098879d8489b291e2732a3804) Importer(815301076,1909f56bfc062723c751e8b465ee728b)  -> (artifact id: '773ac23b32076b8820d971890e7f57ac') in 0.006023 seconds 
  Import took 0.010081 seconds .

========================================================================
Received Import Request.
  Time since last request: 0.876718 seconds.
  path: Assets/ShuffleMaster/FinishLine.cs
  artifactKey: Guid(0d867fcce3b62db41a6200c3b9b82959) Importer(815301076,1909f56bfc062723c751e8b465ee728b)
Start importing Assets/ShuffleMaster/FinishLine.cs using Guid(0d867fcce3b62db41a6200c3b9b82959) Importer(815301076,1909f56bfc062723c751e8b465ee728b)  -> (artifact id: 'df6d7bb971a94cb95175a471ab8d2069') in 0.005772 seconds 
  Import took 0.020804 seconds .

========================================================================
Received Import Request.
  Time since last request: 2.358119 seconds.
  path: Assets/ShuffleMaster/PlayerMovement.cs
  artifactKey: Guid(c31057a0a29b29643821afa4ca6a0665) Importer(815301076,1909f56bfc062723c751e8b465ee728b)
Start importing Assets/ShuffleMaster/PlayerMovement.cs using Guid(c31057a0a29b29643821afa4ca6a0665) Importer(815301076,1909f56bfc062723c751e8b465ee728b)  -> (artifact id: '492d220566d2523fb1b0c56267dfc473') in 0.006018 seconds 
  Import took 0.010166 seconds .

========================================================================
Received Import Request.
  Time since last request: 2.710524 seconds.
  path: Assets/ShuffleMaster/MinusGate.cs
  artifactKey: Guid(2b4b41fab08d9004eb3c06aca572e7ab) Importer(815301076,1909f56bfc062723c751e8b465ee728b)
Start importing Assets/ShuffleMaster/MinusGate.cs using Guid(2b4b41fab08d9004eb3c06aca572e7ab) Importer(815301076,1909f56bfc062723c751e8b465ee728b)  -> (artifact id: 'ba36c478bbcb9915739240166fadad5a') in 0.005341 seconds 
  Import took 0.009517 seconds .

========================================================================
Received Import Request.
  Time since last request: 2.008435 seconds.
  path: Assets/ShuffleMaster/PlusGate.cs
  artifactKey: Guid(459edeadd2e042941929c45aebfe5c53) Importer(815301076,1909f56bfc062723c751e8b465ee728b)
Start importing Assets/ShuffleMaster/PlusGate.cs using Guid(459edeadd2e042941929c45aebfe5c53) Importer(815301076,1909f56bfc062723c751e8b465ee728b)  -> (artifact id: '3600a5799a0a5352f2a7ba95a3439985') in 0.008823 seconds 
  Import took 0.012503 seconds .

========================================================================
Received Import Request.
  Time since last request: 1.290102 seconds.
  path: Assets/ShuffleMaster/ShuffleMasterMultiplyGate.cs
  artifactKey: Guid(3021ac0653342a14e9ecea528d6066c5) Importer(815301076,1909f56bfc062723c751e8b465ee728b)
Start importing Assets/ShuffleMaster/ShuffleMasterMultiplyGate.cs using Guid(3021ac0653342a14e9ecea528d6066c5) Importer(815301076,1909f56bfc062723c751e8b465ee728b)  -> (artifact id: 'af7c509b955b5e679be4aa561112922a') in 0.005933 seconds 
  Import took 0.010036 seconds .

========================================================================
Received Import Request.
  Time since last request: 0.815435 seconds.
  path: Assets/ShuffleMaster/TouchInput.cs
  artifactKey: Guid(d41ab629230d4f84ba95e09c55a09b15) Importer(815301076,1909f56bfc062723c751e8b465ee728b)
Start importing Assets/ShuffleMaster/TouchInput.cs using Guid(d41ab629230d4f84ba95e09c55a09b15) Importer(815301076,1909f56bfc062723c751e8b465ee728b)  -> (artifact id: '0cbe2810c682e3d6f20e9bf92496574c') in 0.017366 seconds 
  Import took 0.021381 seconds .

========================================================================
Received Import Request.
  Time since last request: 0.838625 seconds.
  path: Assets/ShuffleMaster/UI_Manager.cs
  artifactKey: Guid(059a43e7212b932478448e2d92c8bcf7) Importer(815301076,1909f56bfc062723c751e8b465ee728b)
Start importing Assets/ShuffleMaster/UI_Manager.cs using Guid(059a43e7212b932478448e2d92c8bcf7) Importer(815301076,1909f56bfc062723c751e8b465ee728b)  -> (artifact id: '6f9054bb8c1ecd749f935ed7e9ca2a18') in 0.007270 seconds 
  Import took 0.011097 seconds .

========================================================================
Received Import Request.
  Time since last request: 6.702547 seconds.
  path: Assets/Scenes/ShuffleMaster
  artifactKey: Guid(3514194de9fceac4d888125386c3ed6d) Importer(815301076,1909f56bfc062723c751e8b465ee728b)
Start importing Assets/Scenes/ShuffleMaster using Guid(3514194de9fceac4d888125386c3ed6d) Importer(815301076,1909f56bfc062723c751e8b465ee728b)  -> (artifact id: 'edc01b7bee9fbd6b0676dc518f41343b') in 0.006507 seconds 
  Import took 0.010235 seconds .

========================================================================
Received Import Request.
  Time since last request: 5.784695 seconds.
  path: Assets/Resources/DOTweenSettings.asset
  artifactKey: Guid(85a77152ac7b3b54397c5b479095da49) Importer(815301076,1909f56bfc062723c751e8b465ee728b)
Start importing Assets/Resources/DOTweenSettings.asset using Guid(85a77152ac7b3b54397c5b479095da49) Importer(815301076,1909f56bfc062723c751e8b465ee728b)  -> (artifact id: 'bff188b096431d21b4f54e19f503e1df') in 0.050756 seconds 
  Import took 0.054390 seconds .

========================================================================
Received Import Request.
  Time since last request: 0.870390 seconds.
  path: Assets/Prefabs/PlusGate.prefab
  artifactKey: Guid(1cb0f2b38e276d442b77cae6fc991e0a) Importer(815301076,1909f56bfc062723c751e8b465ee728b)
Start importing Assets/Prefabs/PlusGate.prefab using Guid(1cb0f2b38e276d442b77cae6fc991e0a) Importer(815301076,1909f56bfc062723c751e8b465ee728b)  -> (artifact id: '23e492dc233bc705bd59a707f632ab86') in 0.019771 seconds 
  Import took 0.023747 seconds .

========================================================================
Received Prepare
Registering precompiled user dll's ...
Registered in 0.006374 seconds.
Begin MonoManager ReloadAssembly
Native extension for WindowsStandalone target not found
Native extension for WebGL target not found
Refreshing native plugins compatible for Editor in 0.45 ms, found 2 plugins.
Preloading 0 native plugins for Editor in 0.00 ms.
Mono: successfully reloaded assembly
- Completed reload, in  1.345 seconds
Domain Reload Profiling:
	ReloadAssembly (1345ms)
		BeginReloadAssembly (159ms)
			ExecutionOrderSort (0ms)
			DisableScriptedObjects (6ms)
			BackupInstance (0ms)
			ReleaseScriptingObjects (0ms)
			CreateAndSetChildDomain (40ms)
		EndReloadAssembly (1108ms)
			LoadAssemblies (144ms)
			RebuildTransferFunctionScriptingTraits (0ms)
			SetupTypeCache (380ms)
			ReleaseScriptCaches (1ms)
			RebuildScriptCaches (60ms)
			SetupLoadedEditorAssemblies (411ms)
				LogAssemblyErrors (0ms)
				InitializePlatformSupportModulesInManaged (7ms)
				SetLoadedEditorAssemblies (1ms)
				RefreshPlugins (1ms)
				BeforeProcessingInitializeOnLoad (99ms)
				ProcessInitializeOnLoadAttributes (287ms)
				ProcessInitializeOnLoadMethodAttributes (13ms)
				AfterProcessingInitializeOnLoad (4ms)
				EditorAssembliesLoaded (0ms)
			ExecutionOrderSort2 (0ms)
			AwakeInstancesAfterBackupRestoration (10ms)
Platform modules already initialized, skipping
Refreshing native plugins compatible for Editor in 0.47 ms, found 2 plugins.
Preloading 0 native plugins for Editor in 0.00 ms.
Unloading 1672 Unused Serialized files (Serialized files now loaded: 0)
System memory in use before: 92.0 MB.
System memory in use after: 92.1 MB.

Unloading 16 unused Assets to reduce memory usage. Loaded Objects now: 2187.
Total: 3.703800 ms (FindLiveObjects: 0.172300 ms CreateObjectMapping: 0.071100 ms MarkObjects: 3.398100 ms  DeleteObjects: 0.061300 ms)

AssetImportParameters requested are different than current active one (requested -> active):
  custom:framework-win-MediaFoundation: 216162199b28c13a410421893ffa2e32 -> 
  custom:video-decoder-ogg-theora: a1e56fd34408186e4bbccfd4996cb3dc -> 
  custom:container-muxer-webm: aa71ff27fc2769a1b78a27578f13a17b -> 
  custom:container-demuxer-webm: 4f35f7cbe854078d1ac9338744f61a02 -> 
  custom:container-demuxer-ogg: 62fdf1f143b41e24485cea50d1cbac27 -> 
  custom:video-encoder-webm-vp8: eb34c28f22e8b96e1ab97ce403110664 -> 
  custom:video-decoder-webm-vp8: 9c59270c3fd7afecdb556c50c9e8de78 -> 
  custom:audio-decoder-ogg-vorbis: bf7c407c2cedff20999df2af8eb42d56 -> 
  custom:audio-encoder-webm-vorbis: bf7c407c2cedff20999df2af8eb42d56 -> 
AssetImportWorkerClient::OnTransportError - code=2 error=End of file
